<?xml version="1.0" encoding="UTF-8"?>
<coverage generated="1622401660569" clover="3.2.0">
  <project timestamp="1622401660569" name="All files">
    <metrics statements="103" coveredstatements="103" conditionals="48" coveredconditionals="48" methods="29" coveredmethods="29" elements="180" coveredelements="180" complexity="0" loc="103" ncloc="103" packages="5" files="9" classes="9"/>
    <package name="src">
      <metrics statements="4" coveredstatements="4" conditionals="0" coveredconditionals="0" methods="0" coveredmethods="0"/>
      <file name="index.ts" path="/Users/mike/deight/watch-state/src/index.ts">
        <metrics statements="4" coveredstatements="4" conditionals="0" coveredconditionals="0" methods="0" coveredmethods="0"/>
        <line num="1" count="5" type="stmt"/>
        <line num="2" count="5" type="stmt"/>
        <line num="3" count="5" type="stmt"/>
        <line num="4" count="5" type="stmt"/>
      </file>
    </package>
    <package name="src.Cache">
      <metrics statements="21" coveredstatements="21" conditionals="14" coveredconditionals="14" methods="8" coveredmethods="8"/>
      <file name="Cache.ts" path="/Users/mike/deight/watch-state/src/Cache/Cache.ts">
        <metrics statements="19" coveredstatements="19" conditionals="14" coveredconditionals="14" methods="7" coveredmethods="7"/>
        <line num="1" count="5" type="stmt"/>
        <line num="2" count="5" type="stmt"/>
        <line num="4" count="5" type="stmt"/>
        <line num="9" count="19" type="stmt"/>
        <line num="13" count="30" type="stmt"/>
        <line num="14" count="30" type="stmt"/>
        <line num="18" count="10" type="cond" truecount="10" falsecount="0"/>
        <line num="19" count="7" type="stmt"/>
        <line num="21" count="3" type="stmt"/>
        <line num="26" count="24" type="stmt"/>
        <line num="27" count="24" type="stmt"/>
        <line num="31" count="42" type="cond" truecount="2" falsecount="0"/>
        <line num="32" count="12" type="stmt"/>
        <line num="34" count="42" type="stmt"/>
        <line num="38" count="18" type="cond" truecount="2" falsecount="0"/>
        <line num="39" count="10" type="stmt"/>
        <line num="41" count="18" type="stmt"/>
        <line num="45" count="24" type="stmt"/>
        <line num="49" count="5" type="stmt"/>
      </file>
      <file name="index.ts" path="/Users/mike/deight/watch-state/src/Cache/index.ts">
        <metrics statements="2" coveredstatements="2" conditionals="0" coveredconditionals="0" methods="1" coveredmethods="1"/>
        <line num="1" count="32" type="stmt"/>
        <line num="2" count="5" type="stmt"/>
      </file>
    </package>
    <package name="src.Event">
      <metrics statements="35" coveredstatements="35" conditionals="20" coveredconditionals="20" methods="8" coveredmethods="8"/>
      <file name="Event.ts" path="/Users/mike/deight/watch-state/src/Event/Event.ts">
        <metrics statements="33" coveredstatements="33" conditionals="20" coveredconditionals="20" methods="7" coveredmethods="7"/>
        <line num="2" count="5" type="stmt"/>
        <line num="6" count="5" type="stmt"/>
        <line num="11" count="62" type="stmt"/>
        <line num="12" count="62" type="cond" truecount="2" falsecount="0"/>
        <line num="13" count="24" type="cond" truecount="2" falsecount="0"/>
        <line num="14" count="4" type="stmt"/>
        <line num="16" count="20" type="stmt"/>
        <line num="18" count="38" type="stmt"/>
        <line num="21" count="58" type="stmt"/>
        <line num="25" count="21" type="cond" truecount="2" falsecount="0"/>
        <line num="26" count="20" type="stmt"/>
        <line num="27" count="20" type="stmt"/>
        <line num="28" count="20" type="stmt"/>
        <line num="29" count="20" type="stmt"/>
        <line num="34" count="21" type="cond" truecount="2" falsecount="0"/>
        <line num="35" count="20" type="stmt"/>
        <line num="36" count="27" type="cond" truecount="2" falsecount="0"/>
        <line num="37" count="9" type="stmt"/>
        <line num="41" count="20" type="stmt"/>
        <line num="42" count="16" type="stmt"/>
        <line num="45" count="20" type="stmt"/>
        <line num="50" count="9" type="cond" truecount="2" falsecount="0"/>
        <line num="51" count="7" type="stmt"/>
        <line num="52" count="7" type="stmt"/>
        <line num="54" count="2" type="stmt"/>
        <line num="59" count="53" type="cond" truecount="6" falsecount="0"/>
        <line num="60" count="26" type="stmt"/>
        <line num="63" count="27" type="cond" truecount="2" falsecount="0"/>
        <line num="64" count="9" type="stmt"/>
        <line num="65" count="9" type="stmt"/>
        <line num="68" count="18" type="stmt"/>
        <line num="69" count="18" type="stmt"/>
        <line num="74" count="5" type="stmt"/>
      </file>
      <file name="index.ts" path="/Users/mike/deight/watch-state/src/Event/index.ts">
        <metrics statements="2" coveredstatements="2" conditionals="0" coveredconditionals="0" methods="1" coveredmethods="1"/>
        <line num="1" count="10" type="stmt"/>
        <line num="2" count="5" type="stmt"/>
      </file>
    </package>
    <package name="src.State">
      <metrics statements="14" coveredstatements="14" conditionals="4" coveredconditionals="4" methods="4" coveredmethods="4"/>
      <file name="State.ts" path="/Users/mike/deight/watch-state/src/State/State.ts">
        <metrics statements="12" coveredstatements="12" conditionals="4" coveredconditionals="4" methods="3" coveredmethods="3"/>
        <line num="1" count="5" type="stmt"/>
        <line num="2" count="5" type="stmt"/>
        <line num="4" count="5" type="stmt"/>
        <line num="5" count="48" type="stmt"/>
        <line num="15" count="111" type="stmt"/>
        <line num="17" count="111" type="cond" truecount="2" falsecount="0"/>
        <line num="18" count="62" type="stmt"/>
        <line num="20" count="111" type="stmt"/>
        <line num="34" count="58" type="cond" truecount="2" falsecount="0"/>
        <line num="35" count="53" type="stmt"/>
        <line num="36" count="53" type="stmt"/>
        <line num="41" count="5" type="stmt"/>
      </file>
      <file name="index.ts" path="/Users/mike/deight/watch-state/src/State/index.ts">
        <metrics statements="2" coveredstatements="2" conditionals="0" coveredconditionals="0" methods="1" coveredmethods="1"/>
        <line num="1" count="17" type="stmt"/>
        <line num="2" count="5" type="stmt"/>
      </file>
    </package>
    <package name="src.Watch">
      <metrics statements="29" coveredstatements="29" conditionals="10" coveredconditionals="10" methods="9" coveredmethods="9"/>
      <file name="Watch.ts" path="/Users/mike/deight/watch-state/src/Watch/Watch.ts">
        <metrics statements="27" coveredstatements="27" conditionals="10" coveredconditionals="10" methods="8" coveredmethods="8"/>
        <line num="10" count="5" type="stmt"/>
        <line num="12" count="111" type="stmt"/>
        <line num="15" count="51" type="stmt"/>
        <line num="17" count="51" type="stmt"/>
        <line num="18" count="51" type="cond" truecount="4" falsecount="0"/>
        <line num="19" count="9" type="stmt"/>
        <line num="21" count="51" type="cond" truecount="2" falsecount="0"/>
        <line num="22" count="35" type="stmt"/>
        <line num="27" count="78" type="stmt"/>
        <line num="28" count="78" type="stmt"/>
        <line num="29" count="78" type="stmt"/>
        <line num="33" count="78" type="stmt"/>
        <line num="34" count="78" type="stmt"/>
        <line num="35" count="78" type="stmt"/>
        <line num="36" count="78" type="stmt"/>
        <line num="37" count="78" type="stmt"/>
        <line num="38" count="78" type="stmt"/>
        <line num="42" count="96" type="stmt"/>
        <line num="44" count="96" type="cond" truecount="2" falsecount="0"/>
        <line num="45" count="35" type="stmt"/>
        <line num="46" count="52" type="stmt"/>
        <line num="49" count="96" type="stmt"/>
        <line num="53" count="76" type="cond" truecount="2" falsecount="0"/>
        <line num="54" count="21" type="stmt"/>
        <line num="56" count="55" type="stmt"/>
        <line num="58" count="76" type="stmt"/>
        <line num="62" count="5" type="stmt"/>
      </file>
      <file name="index.ts" path="/Users/mike/deight/watch-state/src/Watch/index.ts">
        <metrics statements="2" coveredstatements="2" conditionals="0" coveredconditionals="0" methods="1" coveredmethods="1"/>
        <line num="1" count="121" type="stmt"/>
        <line num="2" count="5" type="stmt"/>
      </file>
    </package>
  </project>
</coverage>
