{"/Users/deight/cantinc/watch-state/src/constants.ts": {"path":"/Users/deight/cantinc/watch-state/src/constants.ts","statementMap":{"0":{"start":{"line":4,"column":13},"end":{"line":7,"column":null}}},"fnMap":{},"branchMap":{},"s":{"0":9},"f":{},"b":{}}
,"/Users/deight/cantinc/watch-state/src/index.ts": {"path":"/Users/deight/cantinc/watch-state/src/index.ts","statementMap":{"0":{"start":{"line":1,"column":0},"end":{"line":1,"column":23}},"1":{"start":{"line":2,"column":0},"end":{"line":2,"column":25}},"2":{"start":{"line":3,"column":0},"end":{"line":3,"column":27}},"3":{"start":{"line":4,"column":0},"end":{"line":4,"column":25}},"4":{"start":{"line":5,"column":0},"end":{"line":5,"column":28}},"5":{"start":{"line":6,"column":0},"end":{"line":6,"column":23}},"6":{"start":{"line":7,"column":0},"end":{"line":7,"column":23}},"7":{"start":{"line":8,"column":0},"end":{"line":8,"column":23}},"8":{"start":{"line":9,"column":0},"end":{"line":9,"column":23}}},"fnMap":{},"branchMap":{},"s":{"0":9,"1":9,"2":9,"3":9,"4":9,"5":9,"6":9,"7":9,"8":9},"f":{},"b":{}}
,"/Users/deight/cantinc/watch-state/src/Cache/Cache.ts": {"path":"/Users/deight/cantinc/watch-state/src/Cache/Cache.ts","statementMap":{"0":{"start":{"line":1,"column":0},"end":{"line":1,"column":36}},"1":{"start":{"line":6,"column":0},"end":{"line":6,"column":13}}},"fnMap":{},"branchMap":{},"s":{"0":9,"1":9},"f":{},"b":{}}
,"/Users/deight/cantinc/watch-state/src/Cache/index.ts": {"path":"/Users/deight/cantinc/watch-state/src/Cache/index.ts","statementMap":{"0":{"start":{"line":1,"column":0},"end":{"line":1,"column":23}}},"fnMap":{},"branchMap":{},"s":{"0":9},"f":{},"b":{}}
,"/Users/deight/cantinc/watch-state/src/Compute/Compute.ts": {"path":"/Users/deight/cantinc/watch-state/src/Compute/Compute.ts","statementMap":{"0":{"start":{"line":19,"column":0},"end":{"line":19,"column":16}},"1":{"start":{"line":37,"column":0},"end":{"line":37,"column":16}},"2":{"start":{"line":63,"column":0},"end":{"line":63,"column":16}},"3":{"start":{"line":1,"column":0},"end":{"line":1,"column":36}},"4":{"start":{"line":2,"column":0},"end":{"line":2,"column":54}},"5":{"start":{"line":3,"column":0},"end":{"line":3,"column":54}},"6":{"start":{"line":4,"column":0},"end":{"line":4,"column":60}},"7":{"start":{"line":5,"column":0},"end":{"line":5,"column":58}},"8":{"start":{"line":6,"column":0},"end":{"line":6,"column":42}},"9":{"start":{"line":8,"column":0},"end":{"line":8,"column":44}},"10":{"start":{"line":16,"column":21},"end":{"line":16,"column":39}},"11":{"start":{"line":17,"column":23},"end":{"line":17,"column":42}},"12":{"start":{"line":20,"column":2},"end":{"line":20,"column":25}},"13":{"start":{"line":20,"column":19},"end":{"line":20,"column":25}},"14":{"start":{"line":21,"column":2},"end":{"line":21,"column":null}},"15":{"start":{"line":23,"column":2},"end":{"line":32,"column":3}},"16":{"start":{"line":24,"column":4},"end":{"line":27,"column":5}},"17":{"start":{"line":25,"column":6},"end":{"line":25,"column":null}},"18":{"start":{"line":26,"column":6},"end":{"line":26,"column":14}},"19":{"start":{"line":29,"column":4},"end":{"line":29,"column":null}},"20":{"start":{"line":31,"column":4},"end":{"line":31,"column":null}},"21":{"start":{"line":34,"column":2},"end":{"line":34,"column":null}},"22":{"start":{"line":38,"column":18},"end":{"line":38,"column":80}},"23":{"start":{"line":39,"column":28},"end":{"line":39,"column":47}},"24":{"start":{"line":41,"column":2},"end":{"line":41,"column":null}},"25":{"start":{"line":43,"column":2},"end":{"line":49,"column":null}},"26":{"start":{"line":44,"column":4},"end":{"line":44,"column":null}},"27":{"start":{"line":46,"column":4},"end":{"line":48,"column":5}},"28":{"start":{"line":47,"column":6},"end":{"line":47,"column":null}},"29":{"start":{"line":51,"column":2},"end":{"line":51,"column":null}},"30":{"start":{"line":51,"column":40},"end":{"line":51,"column":68}},"31":{"start":{"line":53,"column":2},"end":{"line":55,"column":3}},"32":{"start":{"line":54,"column":4},"end":{"line":54,"column":null}},"33":{"start":{"line":60,"column":36},"end":{"line":60,"column":38}},"34":{"start":{"line":64,"column":19},"end":{"line":64,"column":41}},"35":{"start":{"line":65,"column":2},"end":{"line":65,"column":null}},"36":{"start":{"line":67,"column":2},"end":{"line":67,"column":22}},"37":{"start":{"line":67,"column":16},"end":{"line":67,"column":22}},"38":{"start":{"line":69,"column":2},"end":{"line":75,"column":3}},"39":{"start":{"line":70,"column":4},"end":{"line":74,"column":5}},"40":{"start":{"line":71,"column":6},"end":{"line":71,"column":null}},"41":{"start":{"line":73,"column":6},"end":{"line":73,"column":null}},"42":{"start":{"line":143,"column":4},"end":{"line":143,"column":null}},"43":{"start":{"line":149,"column":4},"end":{"line":149,"column":null}},"44":{"start":{"line":119,"column":2},"end":{"line":119,"column":null}},"45":{"start":{"line":122,"column":2},"end":{"line":122,"column":null}},"46":{"start":{"line":128,"column":2},"end":{"line":128,"column":null}},"47":{"start":{"line":132,"column":2},"end":{"line":132,"column":null}},"48":{"start":{"line":135,"column":11},"end":{"line":135,"column":null}},"49":{"start":{"line":138,"column":11},"end":{"line":138,"column":null}},"50":{"start":{"line":150,"column":4},"end":{"line":150,"column":null}},"51":{"start":{"line":152,"column":4},"end":{"line":154,"column":5}},"52":{"start":{"line":153,"column":6},"end":{"line":153,"column":null}},"53":{"start":{"line":156,"column":4},"end":{"line":158,"column":5}},"54":{"start":{"line":157,"column":6},"end":{"line":157,"column":null}},"55":{"start":{"line":163,"column":4},"end":{"line":163,"column":null}},"56":{"start":{"line":165,"column":20},"end":{"line":165,"column":39}},"57":{"start":{"line":168,"column":4},"end":{"line":174,"column":5}},"58":{"start":{"line":169,"column":6},"end":{"line":171,"column":7}},"59":{"start":{"line":170,"column":8},"end":{"line":170,"column":null}},"60":{"start":{"line":173,"column":6},"end":{"line":173,"column":null}},"61":{"start":{"line":178,"column":4},"end":{"line":189,"column":5}},"62":{"start":{"line":179,"column":6},"end":{"line":179,"column":null}},"63":{"start":{"line":181,"column":6},"end":{"line":188,"column":null}},"64":{"start":{"line":182,"column":25},"end":{"line":182,"column":81}},"65":{"start":{"line":184,"column":8},"end":{"line":187,"column":9}},"66":{"start":{"line":185,"column":10},"end":{"line":185,"column":null}},"67":{"start":{"line":186,"column":10},"end":{"line":186,"column":null}},"68":{"start":{"line":206,"column":4},"end":{"line":208,"column":5}},"69":{"start":{"line":207,"column":6},"end":{"line":207,"column":null}},"70":{"start":{"line":210,"column":4},"end":{"line":210,"column":null}},"71":{"start":{"line":215,"column":4},"end":{"line":215,"column":null}},"72":{"start":{"line":117,"column":0},"end":{"line":117,"column":13}}},"fnMap":{"0":{"name":"forceQueueWatchers","decl":{"start":{"line":19,"column":16},"end":{"line":19,"column":34}},"loc":{"start":{"line":19,"column":34},"end":{"line":35,"column":1}}},"1":{"name":"queueWatchers","decl":{"start":{"line":37,"column":16},"end":{"line":37,"column":29}},"loc":{"start":{"line":37,"column":55},"end":{"line":56,"column":1}}},"2":{"name":"(anonymous_2)","decl":{"start":{"line":43,"column":20},"end":{"line":43,"column":27}},"loc":{"start":{"line":43,"column":30},"end":{"line":49,"column":3}}},"3":{"name":"(anonymous_3)","decl":{"start":{"line":51,"column":28},"end":{"line":51,"column":36}},"loc":{"start":{"line":51,"column":40},"end":{"line":51,"column":68}}},"4":{"name":"invalidateCompute","decl":{"start":{"line":63,"column":16},"end":{"line":63,"column":33}},"loc":{"start":{"line":63,"column":53},"end":{"line":76,"column":1}}},"5":{"name":"(anonymous_5)","decl":{"start":{"line":142,"column":2},"end":{"line":142,"column":6}},"loc":{"start":{"line":142,"column":19},"end":{"line":144,"column":3}}},"6":{"name":"(anonymous_6)","decl":{"start":{"line":148,"column":2},"end":{"line":148,"column":15}},"loc":{"start":{"line":148,"column":83},"end":{"line":159,"column":3}}},"7":{"name":"(anonymous_7)","decl":{"start":{"line":162,"column":2},"end":{"line":162,"column":8}},"loc":{"start":{"line":162,"column":8},"end":{"line":175,"column":3}}},"8":{"name":"(anonymous_8)","decl":{"start":{"line":177,"column":2},"end":{"line":177,"column":13}},"loc":{"start":{"line":177,"column":13},"end":{"line":190,"column":3}}},"9":{"name":"(anonymous_9)","decl":{"start":{"line":181,"column":27},"end":{"line":181,"column":30}},"loc":{"start":{"line":181,"column":32},"end":{"line":188,"column":7}}},"10":{"name":"(anonymous_10)","decl":{"start":{"line":205,"column":2},"end":{"line":205,"column":6}},"loc":{"start":{"line":205,"column":11},"end":{"line":211,"column":3}}},"11":{"name":"(anonymous_11)","decl":{"start":{"line":214,"column":2},"end":{"line":214,"column":9}},"loc":{"start":{"line":214,"column":9},"end":{"line":216,"column":3}}}},"branchMap":{"0":{"loc":{"start":{"line":20,"column":2},"end":{"line":20,"column":25}},"type":"if","locations":[{"start":{"line":20,"column":2},"end":{"line":20,"column":25}},{"start":{},"end":{}}]},"1":{"loc":{"start":{"line":23,"column":9},"end":{"line":23,"column":98}},"type":"binary-expr","locations":[{"start":{"line":23,"column":10},"end":{"line":23,"column":49}},{"start":{"line":23,"column":55},"end":{"line":23,"column":97}}]},"2":{"loc":{"start":{"line":24,"column":4},"end":{"line":27,"column":5}},"type":"if","locations":[{"start":{"line":24,"column":4},"end":{"line":27,"column":5}},{"start":{},"end":{}}]},"3":{"loc":{"start":{"line":38,"column":18},"end":{"line":38,"column":80}},"type":"binary-expr","locations":[{"start":{"line":38,"column":18},"end":{"line":38,"column":34}},{"start":{"line":38,"column":38},"end":{"line":38,"column":58}},{"start":{"line":38,"column":62},"end":{"line":38,"column":80}}]},"4":{"loc":{"start":{"line":46,"column":4},"end":{"line":48,"column":5}},"type":"if","locations":[{"start":{"line":46,"column":4},"end":{"line":48,"column":5}},{"start":{},"end":{}}]},"5":{"loc":{"start":{"line":53,"column":2},"end":{"line":55,"column":3}},"type":"if","locations":[{"start":{"line":53,"column":2},"end":{"line":55,"column":3}},{"start":{},"end":{}}]},"6":{"loc":{"start":{"line":67,"column":2},"end":{"line":67,"column":22}},"type":"if","locations":[{"start":{"line":67,"column":2},"end":{"line":67,"column":22}},{"start":{},"end":{}}]},"7":{"loc":{"start":{"line":70,"column":4},"end":{"line":74,"column":5}},"type":"if","locations":[{"start":{"line":70,"column":4},"end":{"line":74,"column":5}},{"start":{},"end":{}}]},"8":{"loc":{"start":{"line":152,"column":4},"end":{"line":154,"column":5}},"type":"if","locations":[{"start":{"line":152,"column":4},"end":{"line":154,"column":5}},{"start":{},"end":{}}]},"9":{"loc":{"start":{"line":156,"column":4},"end":{"line":158,"column":5}},"type":"if","locations":[{"start":{"line":156,"column":4},"end":{"line":158,"column":5}},{"start":{},"end":{}}]},"10":{"loc":{"start":{"line":169,"column":6},"end":{"line":171,"column":7}},"type":"if","locations":[{"start":{"line":169,"column":6},"end":{"line":171,"column":7}},{"start":{},"end":{}}]},"11":{"loc":{"start":{"line":178,"column":4},"end":{"line":189,"column":5}},"type":"if","locations":[{"start":{"line":178,"column":4},"end":{"line":189,"column":5}},{"start":{},"end":{}}]},"12":{"loc":{"start":{"line":182,"column":38},"end":{"line":182,"column":80}},"type":"cond-expr","locations":[{"start":{"line":182,"column":53},"end":{"line":182,"column":72}},{"start":{"line":182,"column":75},"end":{"line":182,"column":80}}]},"13":{"loc":{"start":{"line":184,"column":8},"end":{"line":187,"column":9}},"type":"if","locations":[{"start":{"line":184,"column":8},"end":{"line":187,"column":9}},{"start":{},"end":{}}]},"14":{"loc":{"start":{"line":206,"column":4},"end":{"line":208,"column":5}},"type":"if","locations":[{"start":{"line":206,"column":4},"end":{"line":208,"column":5}},{"start":{},"end":{}}]},"15":{"loc":{"start":{"line":210,"column":11},"end":{"line":210,"column":55}},"type":"cond-expr","locations":[{"start":{"line":210,"column":28},"end":{"line":210,"column":41}},{"start":{"line":210,"column":44},"end":{"line":210,"column":55}}]}},"s":{"0":9,"1":9,"2":9,"3":9,"4":9,"5":9,"6":9,"7":9,"8":9,"9":9,"10":9,"11":9,"12":128,"13":16,"14":112,"15":112,"16":108,"17":33,"18":33,"19":75,"20":75,"21":112,"22":135,"23":135,"24":135,"25":135,"26":76,"27":76,"28":33,"29":135,"30":7,"31":135,"32":122,"33":9,"34":43,"35":43,"36":43,"37":0,"38":43,"39":67,"40":45,"41":45,"42":0,"43":52,"44":52,"45":52,"46":52,"47":52,"48":52,"49":52,"50":52,"51":52,"52":50,"53":52,"54":6,"55":43,"56":43,"57":43,"58":24,"59":22,"60":2,"61":77,"62":77,"63":77,"64":77,"65":77,"66":65,"67":65,"68":73,"69":49,"70":73,"71":4,"72":9},"f":{"0":128,"1":135,"2":76,"3":7,"4":43,"5":0,"6":52,"7":43,"8":77,"9":77,"10":73,"11":4},"b":{"0":[16,112],"1":[220,187],"2":[33,75],"3":[135,128,122],"4":[33,43],"5":[122,13],"6":[0,43],"7":[45,22],"8":[50,2],"9":[6,46],"10":[22,2],"11":[77,0],"12":[0,77],"13":[65,12],"14":[49,24],"15":[0,73]}}
,"/Users/deight/cantinc/watch-state/src/Compute/index.ts": {"path":"/Users/deight/cantinc/watch-state/src/Compute/index.ts","statementMap":{"0":{"start":{"line":1,"column":0},"end":{"line":1,"column":25}}},"fnMap":{},"branchMap":{},"s":{"0":9},"f":{},"b":{}}
,"/Users/deight/cantinc/watch-state/src/Observable/Observable.ts": {"path":"/Users/deight/cantinc/watch-state/src/Observable/Observable.ts","statementMap":{"0":{"start":{"line":1,"column":0},"end":{"line":1,"column":36}},"1":{"start":{"line":14,"column":11},"end":{"line":14,"column":null}},"2":{"start":{"line":28,"column":30},"end":{"line":28,"column":35}},"3":{"start":{"line":30,"column":4},"end":{"line":36,"column":5}},"4":{"start":{"line":31,"column":6},"end":{"line":31,"column":null}},"5":{"start":{"line":33,"column":6},"end":{"line":35,"column":null}},"6":{"start":{"line":34,"column":8},"end":{"line":34,"column":null}},"7":{"start":{"line":38,"column":4},"end":{"line":38,"column":null}},"8":{"start":{"line":12,"column":0},"end":{"line":12,"column":22}}},"fnMap":{"0":{"name":"(anonymous_0)","decl":{"start":{"line":12,"column":0},"end":{"line":12,"column":22}},"loc":{"start":{"line":12,"column":0},"end":{"line":43,"column":1}}},"1":{"name":"(anonymous_1)","decl":{"start":{"line":27,"column":2},"end":{"line":27,"column":6}},"loc":{"start":{"line":27,"column":11},"end":{"line":39,"column":3}}},"2":{"name":"(anonymous_2)","decl":{"start":{"line":33,"column":36},"end":{"line":33,"column":39}},"loc":{"start":{"line":33,"column":41},"end":{"line":35,"column":7}}}},"branchMap":{"0":{"loc":{"start":{"line":30,"column":4},"end":{"line":36,"column":5}},"type":"if","locations":[{"start":{"line":30,"column":4},"end":{"line":36,"column":5}},{"start":{},"end":{}}]}},"s":{"0":9,"1":115,"2":260,"3":260,"4":168,"5":168,"6":111,"7":260,"8":9},"f":{"0":115,"1":260,"2":111},"b":{"0":[168,92]}}
,"/Users/deight/cantinc/watch-state/src/Observable/index.ts": {"path":"/Users/deight/cantinc/watch-state/src/Observable/index.ts","statementMap":{"0":{"start":{"line":1,"column":0},"end":{"line":1,"column":28}}},"fnMap":{},"branchMap":{},"s":{"0":9},"f":{},"b":{}}
,"/Users/deight/cantinc/watch-state/src/State/State.ts": {"path":"/Users/deight/cantinc/watch-state/src/State/State.ts","statementMap":{"0":{"start":{"line":1,"column":0},"end":{"line":1,"column":42}},"1":{"start":{"line":2,"column":0},"end":{"line":2,"column":42}},"2":{"start":{"line":24,"column":4},"end":{"line":24,"column":null}},"3":{"start":{"line":25,"column":4},"end":{"line":25,"column":null}},"4":{"start":{"line":40,"column":4},"end":{"line":40,"column":null}},"5":{"start":{"line":44,"column":4},"end":{"line":47,"column":5}},"6":{"start":{"line":45,"column":6},"end":{"line":45,"column":null}},"7":{"start":{"line":46,"column":6},"end":{"line":46,"column":null}},"8":{"start":{"line":66,"column":4},"end":{"line":66,"column":null}},"9":{"start":{"line":22,"column":0},"end":{"line":22,"column":13}}},"fnMap":{"0":{"name":"(anonymous_0)","decl":{"start":{"line":23,"column":2},"end":{"line":23,"column":15}},"loc":{"start":{"line":23,"column":26},"end":{"line":26,"column":3}}},"1":{"name":"(anonymous_1)","decl":{"start":{"line":39,"column":2},"end":{"line":39,"column":6}},"loc":{"start":{"line":39,"column":11},"end":{"line":41,"column":3}}},"2":{"name":"(anonymous_2)","decl":{"start":{"line":43,"column":2},"end":{"line":43,"column":6}},"loc":{"start":{"line":43,"column":21},"end":{"line":48,"column":3}}},"3":{"name":"(anonymous_3)","decl":{"start":{"line":65,"column":2},"end":{"line":65,"column":8}},"loc":{"start":{"line":65,"column":8},"end":{"line":67,"column":3}}}},"branchMap":{"0":{"loc":{"start":{"line":44,"column":4},"end":{"line":47,"column":5}},"type":"if","locations":[{"start":{"line":44,"column":4},"end":{"line":47,"column":5}},{"start":{},"end":{}}]}},"s":{"0":9,"1":9,"2":63,"3":63,"4":187,"5":71,"6":70,"7":70,"8":70,"9":9},"f":{"0":63,"1":187,"2":71,"3":70},"b":{"0":[70,1]}}
,"/Users/deight/cantinc/watch-state/src/State/index.ts": {"path":"/Users/deight/cantinc/watch-state/src/State/index.ts","statementMap":{"0":{"start":{"line":1,"column":0},"end":{"line":1,"column":23}}},"fnMap":{},"branchMap":{},"s":{"0":9},"f":{},"b":{}}
,"/Users/deight/cantinc/watch-state/src/Watch/Watch.ts": {"path":"/Users/deight/cantinc/watch-state/src/Watch/Watch.ts","statementMap":{"0":{"start":{"line":1,"column":0},"end":{"line":1,"column":74}},"1":{"start":{"line":32,"column":4},"end":{"line":32,"column":null}},"2":{"start":{"line":35,"column":24},"end":{"line":35,"column":46}},"3":{"start":{"line":21,"column":2},"end":{"line":21,"column":null}},"4":{"start":{"line":24,"column":11},"end":{"line":24,"column":null}},"5":{"start":{"line":27,"column":11},"end":{"line":27,"column":null}},"6":{"start":{"line":36,"column":4},"end":{"line":38,"column":5}},"7":{"start":{"line":37,"column":6},"end":{"line":37,"column":null}},"8":{"start":{"line":40,"column":4},"end":{"line":44,"column":5}},"9":{"start":{"line":41,"column":6},"end":{"line":43,"column":null}},"10":{"start":{"line":42,"column":8},"end":{"line":42,"column":null}},"11":{"start":{"line":49,"column":4},"end":{"line":49,"column":null}},"12":{"start":{"line":54,"column":4},"end":{"line":58,"column":5}},"13":{"start":{"line":55,"column":6},"end":{"line":57,"column":null}},"14":{"start":{"line":56,"column":8},"end":{"line":56,"column":null}},"15":{"start":{"line":19,"column":0},"end":{"line":19,"column":13}}},"fnMap":{"0":{"name":"(anonymous_0)","decl":{"start":{"line":31,"column":2},"end":{"line":31,"column":6}},"loc":{"start":{"line":31,"column":19},"end":{"line":33,"column":3}}},"1":{"name":"(anonymous_1)","decl":{"start":{"line":35,"column":2},"end":{"line":35,"column":24}},"loc":{"start":{"line":35,"column":90},"end":{"line":45,"column":3}}},"2":{"name":"(anonymous_2)","decl":{"start":{"line":41,"column":27},"end":{"line":41,"column":30}},"loc":{"start":{"line":41,"column":32},"end":{"line":43,"column":7}}},"3":{"name":"(anonymous_3)","decl":{"start":{"line":48,"column":2},"end":{"line":48,"column":9}},"loc":{"start":{"line":48,"column":9},"end":{"line":50,"column":3}}},"4":{"name":"(anonymous_4)","decl":{"start":{"line":53,"column":2},"end":{"line":53,"column":8}},"loc":{"start":{"line":53,"column":8},"end":{"line":59,"column":3}}},"5":{"name":"(anonymous_5)","decl":{"start":{"line":55,"column":27},"end":{"line":55,"column":30}},"loc":{"start":{"line":55,"column":32},"end":{"line":57,"column":7}}}},"branchMap":{"0":{"loc":{"start":{"line":36,"column":4},"end":{"line":38,"column":5}},"type":"if","locations":[{"start":{"line":36,"column":4},"end":{"line":38,"column":5}},{"start":{},"end":{}}]},"1":{"loc":{"start":{"line":40,"column":4},"end":{"line":44,"column":5}},"type":"if","locations":[{"start":{"line":40,"column":4},"end":{"line":44,"column":5}},{"start":{},"end":{}}]},"2":{"loc":{"start":{"line":54,"column":4},"end":{"line":58,"column":5}},"type":"if","locations":[{"start":{"line":54,"column":4},"end":{"line":58,"column":5}},{"start":{},"end":{}}]}},"s":{"0":9,"1":0,"2":57,"3":57,"4":57,"5":57,"6":57,"7":57,"8":57,"9":57,"10":57,"11":7,"12":47,"13":44,"14":44,"15":9},"f":{"0":0,"1":57,"2":57,"3":7,"4":47,"5":44},"b":{"0":[57,0],"1":[57,0],"2":[44,3]}}
,"/Users/deight/cantinc/watch-state/src/Watch/index.ts": {"path":"/Users/deight/cantinc/watch-state/src/Watch/index.ts","statementMap":{"0":{"start":{"line":1,"column":0},"end":{"line":1,"column":23}}},"fnMap":{},"branchMap":{},"s":{"0":9},"f":{},"b":{}}
,"/Users/deight/cantinc/watch-state/src/helpers/index.ts": {"path":"/Users/deight/cantinc/watch-state/src/helpers/index.ts","statementMap":{"0":{"start":{"line":1,"column":0},"end":{"line":1,"column":30}},"1":{"start":{"line":2,"column":0},"end":{"line":2,"column":30}},"2":{"start":{"line":3,"column":0},"end":{"line":3,"column":33}},"3":{"start":{"line":4,"column":0},"end":{"line":4,"column":33}},"4":{"start":{"line":5,"column":0},"end":{"line":5,"column":32}}},"fnMap":{},"branchMap":{},"s":{"0":9,"1":9,"2":9,"3":9,"4":9},"f":{},"b":{}}
,"/Users/deight/cantinc/watch-state/src/helpers/bindObserver/bindObserver.ts": {"path":"/Users/deight/cantinc/watch-state/src/helpers/bindObserver/bindObserver.ts","statementMap":{"0":{"start":{"line":4,"column":0},"end":{"line":4,"column":16}},"1":{"start":{"line":1,"column":0},"end":{"line":1,"column":39}},"2":{"start":{"line":5,"column":28},"end":{"line":5,"column":33}},"3":{"start":{"line":7,"column":2},"end":{"line":13,"column":3}},"4":{"start":{"line":8,"column":4},"end":{"line":8,"column":null}},"5":{"start":{"line":10,"column":4},"end":{"line":12,"column":null}},"6":{"start":{"line":11,"column":6},"end":{"line":11,"column":null}}},"fnMap":{"0":{"name":"bindObserver","decl":{"start":{"line":4,"column":16},"end":{"line":4,"column":28}},"loc":{"start":{"line":4,"column":48},"end":{"line":14,"column":1}}},"1":{"name":"(anonymous_1)","decl":{"start":{"line":10,"column":34},"end":{"line":10,"column":37}},"loc":{"start":{"line":10,"column":39},"end":{"line":12,"column":5}}}},"branchMap":{"0":{"loc":{"start":{"line":7,"column":2},"end":{"line":13,"column":3}},"type":"if","locations":[{"start":{"line":7,"column":2},"end":{"line":13,"column":3}},{"start":{},"end":{}}]}},"s":{"0":9,"1":9,"2":107,"3":107,"4":23,"5":23,"6":14},"f":{"0":107,"1":14},"b":{"0":[23,84]}}
,"/Users/deight/cantinc/watch-state/src/helpers/bindObserver/index.ts": {"path":"/Users/deight/cantinc/watch-state/src/helpers/bindObserver/index.ts","statementMap":{"0":{"start":{"line":1,"column":0},"end":{"line":1,"column":30}}},"fnMap":{},"branchMap":{},"s":{"0":9},"f":{},"b":{}}
,"/Users/deight/cantinc/watch-state/src/helpers/clearWatcher/clearWatcher.ts": {"path":"/Users/deight/cantinc/watch-state/src/helpers/clearWatcher/clearWatcher.ts","statementMap":{"0":{"start":{"line":8,"column":0},"end":{"line":8,"column":16}},"1":{"start":{"line":1,"column":0},"end":{"line":1,"column":52}},"2":{"start":{"line":5,"column":19},"end":{"line":5,"column":21}},"3":{"start":{"line":9,"column":19},"end":{"line":9,"column":45}},"4":{"start":{"line":10,"column":2},"end":{"line":10,"column":null}},"5":{"start":{"line":12,"column":2},"end":{"line":12,"column":22}},"6":{"start":{"line":12,"column":16},"end":{"line":12,"column":22}},"7":{"start":{"line":14,"column":2},"end":{"line":21,"column":3}},"8":{"start":{"line":15,"column":4},"end":{"line":15,"column":null}},"9":{"start":{"line":17,"column":4},"end":{"line":20,"column":5}},"10":{"start":{"line":18,"column":6},"end":{"line":18,"column":null}},"11":{"start":{"line":19,"column":6},"end":{"line":19,"column":null}}},"fnMap":{"0":{"name":"clearWatcher","decl":{"start":{"line":8,"column":16},"end":{"line":8,"column":28}},"loc":{"start":{"line":8,"column":47},"end":{"line":22,"column":1}}}},"branchMap":{"0":{"loc":{"start":{"line":12,"column":2},"end":{"line":12,"column":22}},"type":"if","locations":[{"start":{"line":12,"column":2},"end":{"line":12,"column":22}},{"start":{},"end":{}}]}},"s":{"0":9,"1":9,"2":9,"3":75,"4":75,"5":75,"6":0,"7":75,"8":75,"9":75,"10":105,"11":105},"f":{"0":75},"b":{"0":[0,75]}}
,"/Users/deight/cantinc/watch-state/src/helpers/clearWatcher/index.ts": {"path":"/Users/deight/cantinc/watch-state/src/helpers/clearWatcher/index.ts","statementMap":{"0":{"start":{"line":1,"column":0},"end":{"line":1,"column":30}}},"fnMap":{},"branchMap":{},"s":{"0":9},"f":{},"b":{}}
,"/Users/deight/cantinc/watch-state/src/helpers/destroyWatchers/destroyWatchers.ts": {"path":"/Users/deight/cantinc/watch-state/src/helpers/destroyWatchers/destroyWatchers.ts","statementMap":{"0":{"start":{"line":6,"column":0},"end":{"line":6,"column":16}},"1":{"start":{"line":3,"column":33},"end":{"line":3,"column":35}},"2":{"start":{"line":7,"column":19},"end":{"line":7,"column":47}},"3":{"start":{"line":8,"column":2},"end":{"line":8,"column":null}},"4":{"start":{"line":10,"column":2},"end":{"line":10,"column":22}},"5":{"start":{"line":10,"column":16},"end":{"line":10,"column":22}},"6":{"start":{"line":12,"column":2},"end":{"line":23,"column":3}},"7":{"start":{"line":13,"column":4},"end":{"line":15,"column":null}},"8":{"start":{"line":14,"column":6},"end":{"line":14,"column":null}},"9":{"start":{"line":17,"column":4},"end":{"line":20,"column":5}},"10":{"start":{"line":18,"column":6},"end":{"line":18,"column":null}},"11":{"start":{"line":19,"column":6},"end":{"line":19,"column":null}},"12":{"start":{"line":22,"column":4},"end":{"line":22,"column":null}}},"fnMap":{"0":{"name":"destroyWatchers","decl":{"start":{"line":6,"column":16},"end":{"line":6,"column":31}},"loc":{"start":{"line":6,"column":51},"end":{"line":24,"column":1}}},"1":{"name":"(anonymous_1)","decl":{"start":{"line":13,"column":45},"end":{"line":13,"column":53}},"loc":{"start":{"line":13,"column":56},"end":{"line":15,"column":5}}}},"branchMap":{"0":{"loc":{"start":{"line":10,"column":2},"end":{"line":10,"column":22}},"type":"if","locations":[{"start":{"line":10,"column":2},"end":{"line":10,"column":22}},{"start":{},"end":{}}]}},"s":{"0":9,"1":9,"2":24,"3":24,"4":24,"5":0,"6":24,"7":25,"8":1,"9":25,"10":22,"11":22,"12":25},"f":{"0":24,"1":1},"b":{"0":[0,24]}}
,"/Users/deight/cantinc/watch-state/src/helpers/destroyWatchers/index.ts": {"path":"/Users/deight/cantinc/watch-state/src/helpers/destroyWatchers/index.ts","statementMap":{"0":{"start":{"line":1,"column":0},"end":{"line":1,"column":33}}},"fnMap":{},"branchMap":{},"s":{"0":9},"f":{},"b":{}}
,"/Users/deight/cantinc/watch-state/src/helpers/invalidateCache/index.ts": {"path":"/Users/deight/cantinc/watch-state/src/helpers/invalidateCache/index.ts","statementMap":{"0":{"start":{"line":1,"column":0},"end":{"line":1,"column":33}}},"fnMap":{},"branchMap":{},"s":{"0":9},"f":{},"b":{}}
,"/Users/deight/cantinc/watch-state/src/helpers/invalidateCache/invalidateCache.ts": {"path":"/Users/deight/cantinc/watch-state/src/helpers/invalidateCache/invalidateCache.ts","statementMap":{"0":{"start":{"line":7,"column":0},"end":{"line":7,"column":16}},"1":{"start":{"line":1,"column":0},"end":{"line":1,"column":49}},"2":{"start":{"line":8,"column":2},"end":{"line":8,"column":null}}},"fnMap":{"0":{"name":"invalidateCache","decl":{"start":{"line":7,"column":16},"end":{"line":7,"column":31}},"loc":{"start":{"line":7,"column":51},"end":{"line":9,"column":1}}}},"branchMap":{},"s":{"0":9,"1":9,"2":0},"f":{"0":0},"b":{}}
,"/Users/deight/cantinc/watch-state/src/helpers/watchWithScope/index.ts": {"path":"/Users/deight/cantinc/watch-state/src/helpers/watchWithScope/index.ts","statementMap":{"0":{"start":{"line":1,"column":0},"end":{"line":1,"column":32}}},"fnMap":{},"branchMap":{},"s":{"0":9},"f":{},"b":{}}
,"/Users/deight/cantinc/watch-state/src/helpers/watchWithScope/watchWithScope.ts": {"path":"/Users/deight/cantinc/watch-state/src/helpers/watchWithScope/watchWithScope.ts","statementMap":{"0":{"start":{"line":4,"column":0},"end":{"line":4,"column":16}},"1":{"start":{"line":1,"column":0},"end":{"line":1,"column":39}},"2":{"start":{"line":5,"column":23},"end":{"line":5,"column":42}},"3":{"start":{"line":6,"column":2},"end":{"line":6,"column":null}},"4":{"start":{"line":7,"column":2},"end":{"line":7,"column":null}},"5":{"start":{"line":8,"column":2},"end":{"line":8,"column":null}}},"fnMap":{"0":{"name":"watchWithScope","decl":{"start":{"line":4,"column":16},"end":{"line":4,"column":30}},"loc":{"start":{"line":4,"column":70},"end":{"line":9,"column":1}}}},"branchMap":{},"s":{"0":9,"1":9,"2":178,"3":178,"4":178,"5":178},"f":{"0":178},"b":{}}
,"/Users/deight/cantinc/watch-state/src/utils/index.ts": {"path":"/Users/deight/cantinc/watch-state/src/utils/index.ts","statementMap":{"0":{"start":{"line":1,"column":0},"end":{"line":1,"column":27}},"1":{"start":{"line":2,"column":0},"end":{"line":2,"column":29}},"2":{"start":{"line":3,"column":0},"end":{"line":3,"column":27}},"3":{"start":{"line":4,"column":0},"end":{"line":4,"column":26}},"4":{"start":{"line":5,"column":0},"end":{"line":5,"column":25}}},"fnMap":{},"branchMap":{},"s":{"0":9,"1":9,"2":9,"3":9,"4":9},"f":{},"b":{}}
,"/Users/deight/cantinc/watch-state/src/utils/callEvent/callEvent.ts": {"path":"/Users/deight/cantinc/watch-state/src/utils/callEvent/callEvent.ts","statementMap":{"0":{"start":{"line":55,"column":0},"end":{"line":55,"column":16}},"1":{"start":{"line":1,"column":0},"end":{"line":1,"column":36}},"2":{"start":{"line":3,"column":0},"end":{"line":3,"column":50}},"3":{"start":{"line":4,"column":0},"end":{"line":4,"column":39}},"4":{"start":{"line":56,"column":17},"end":{"line":62,"column":4}},"5":{"start":{"line":57,"column":4},"end":{"line":57,"column":null}},"6":{"start":{"line":58,"column":19},"end":{"line":58,"column":29}},"7":{"start":{"line":59,"column":4},"end":{"line":59,"column":null}},"8":{"start":{"line":61,"column":4},"end":{"line":61,"column":null}},"9":{"start":{"line":64,"column":2},"end":{"line":66,"column":3}},"10":{"start":{"line":65,"column":4},"end":{"line":65,"column":null}},"11":{"start":{"line":68,"column":2},"end":{"line":68,"column":null}}},"fnMap":{"0":{"name":"callEvent","decl":{"start":{"line":55,"column":16},"end":{"line":55,"column":25}},"loc":{"start":{"line":55,"column":47},"end":{"line":69,"column":1}}},"1":{"name":"(anonymous_1)","decl":{"start":{"line":56,"column":25},"end":{"line":56,"column":28}},"loc":{"start":{"line":56,"column":30},"end":{"line":62,"column":3}}}},"branchMap":{"0":{"loc":{"start":{"line":64,"column":2},"end":{"line":66,"column":3}},"type":"if","locations":[{"start":{"line":64,"column":2},"end":{"line":66,"column":3}},{"start":{},"end":{}}]}},"s":{"0":9,"1":9,"2":9,"3":9,"4":1,"5":1,"6":1,"7":1,"8":1,"9":1,"10":1,"11":1},"f":{"0":1,"1":1},"b":{"0":[1,0]}}
,"/Users/deight/cantinc/watch-state/src/utils/callEvent/index.ts": {"path":"/Users/deight/cantinc/watch-state/src/utils/callEvent/index.ts","statementMap":{"0":{"start":{"line":1,"column":0},"end":{"line":1,"column":27}}},"fnMap":{},"branchMap":{},"s":{"0":9},"f":{},"b":{}}
,"/Users/deight/cantinc/watch-state/src/utils/createEvent/createEvent.ts": {"path":"/Users/deight/cantinc/watch-state/src/utils/createEvent/createEvent.ts","statementMap":{"0":{"start":{"line":65,"column":0},"end":{"line":65,"column":16}},"1":{"start":{"line":1,"column":0},"end":{"line":1,"column":36}},"2":{"start":{"line":3,"column":0},"end":{"line":3,"column":50}},"3":{"start":{"line":4,"column":0},"end":{"line":4,"column":39}},"4":{"start":{"line":66,"column":2},"end":{"line":80,"column":null}},"5":{"start":{"line":67,"column":19},"end":{"line":73,"column":6}},"6":{"start":{"line":68,"column":6},"end":{"line":68,"column":null}},"7":{"start":{"line":69,"column":21},"end":{"line":69,"column":47}},"8":{"start":{"line":70,"column":6},"end":{"line":70,"column":null}},"9":{"start":{"line":72,"column":6},"end":{"line":72,"column":null}},"10":{"start":{"line":75,"column":4},"end":{"line":77,"column":5}},"11":{"start":{"line":76,"column":6},"end":{"line":76,"column":null}},"12":{"start":{"line":79,"column":4},"end":{"line":79,"column":null}}},"fnMap":{"0":{"name":"createEvent","decl":{"start":{"line":65,"column":16},"end":{"line":65,"column":27}},"loc":{"start":{"line":65,"column":75},"end":{"line":81,"column":1}}},"1":{"name":"(anonymous_1)","decl":{"start":{"line":66,"column":9},"end":{"line":66,"column":19}},"loc":{"start":{"line":66,"column":33},"end":{"line":80,"column":19}}},"2":{"name":"(anonymous_2)","decl":{"start":{"line":67,"column":27},"end":{"line":67,"column":30}},"loc":{"start":{"line":67,"column":32},"end":{"line":73,"column":5}}}},"branchMap":{"0":{"loc":{"start":{"line":75,"column":4},"end":{"line":77,"column":5}},"type":"if","locations":[{"start":{"line":75,"column":4},"end":{"line":77,"column":5}},{"start":{},"end":{}}]}},"s":{"0":9,"1":9,"2":9,"3":9,"4":5,"5":5,"6":5,"7":5,"8":5,"9":5,"10":5,"11":5,"12":5},"f":{"0":5,"1":5,"2":5},"b":{"0":[5,0]}}
,"/Users/deight/cantinc/watch-state/src/utils/createEvent/index.ts": {"path":"/Users/deight/cantinc/watch-state/src/utils/createEvent/index.ts","statementMap":{"0":{"start":{"line":1,"column":0},"end":{"line":1,"column":29}}},"fnMap":{},"branchMap":{},"s":{"0":9},"f":{},"b":{}}
,"/Users/deight/cantinc/watch-state/src/utils/onDestroy/index.ts": {"path":"/Users/deight/cantinc/watch-state/src/utils/onDestroy/index.ts","statementMap":{"0":{"start":{"line":1,"column":0},"end":{"line":1,"column":27}}},"fnMap":{},"branchMap":{},"s":{"0":9},"f":{},"b":{}}
,"/Users/deight/cantinc/watch-state/src/utils/onDestroy/onDestroy.ts": {"path":"/Users/deight/cantinc/watch-state/src/utils/onDestroy/onDestroy.ts","statementMap":{"0":{"start":{"line":27,"column":0},"end":{"line":27,"column":16}},"1":{"start":{"line":1,"column":0},"end":{"line":1,"column":39}},"2":{"start":{"line":28,"column":2},"end":{"line":30,"column":3}},"3":{"start":{"line":29,"column":4},"end":{"line":29,"column":null}}},"fnMap":{"0":{"name":"onDestroy","decl":{"start":{"line":27,"column":16},"end":{"line":27,"column":25}},"loc":{"start":{"line":27,"column":49},"end":{"line":31,"column":1}}}},"branchMap":{"0":{"loc":{"start":{"line":28,"column":2},"end":{"line":30,"column":3}},"type":"if","locations":[{"start":{"line":28,"column":2},"end":{"line":30,"column":3}},{"start":{},"end":{}}]}},"s":{"0":9,"1":9,"2":2,"3":2},"f":{"0":2},"b":{"0":[2,0]}}
,"/Users/deight/cantinc/watch-state/src/utils/shiftSet/index.ts": {"path":"/Users/deight/cantinc/watch-state/src/utils/shiftSet/index.ts","statementMap":{"0":{"start":{"line":1,"column":0},"end":{"line":1,"column":26}}},"fnMap":{},"branchMap":{},"s":{"0":9},"f":{},"b":{}}
,"/Users/deight/cantinc/watch-state/src/utils/shiftSet/shiftSet.ts": {"path":"/Users/deight/cantinc/watch-state/src/utils/shiftSet/shiftSet.ts","statementMap":{"0":{"start":{"line":1,"column":0},"end":{"line":1,"column":16}},"1":{"start":{"line":2,"column":2},"end":{"line":2,"column":null}},"2":{"start":{"line":2,"column":17},"end":{"line":2,"column":null}},"3":{"start":{"line":4,"column":17},"end":{"line":4,"column":42}},"4":{"start":{"line":5,"column":2},"end":{"line":5,"column":null}},"5":{"start":{"line":7,"column":2},"end":{"line":7,"column":null}}},"fnMap":{"0":{"name":"shiftSet","decl":{"start":{"line":1,"column":16},"end":{"line":1,"column":24}},"loc":{"start":{"line":1,"column":39},"end":{"line":8,"column":1}}}},"branchMap":{"0":{"loc":{"start":{"line":2,"column":2},"end":{"line":2,"column":null}},"type":"if","locations":[{"start":{"line":2,"column":2},"end":{"line":2,"column":null}},{"start":{},"end":{}}]}},"s":{"0":9,"1":407,"2":299,"3":108,"4":108,"5":108},"f":{"0":407},"b":{"0":[299,108]}}
,"/Users/deight/cantinc/watch-state/src/utils/unwatch/index.ts": {"path":"/Users/deight/cantinc/watch-state/src/utils/unwatch/index.ts","statementMap":{"0":{"start":{"line":1,"column":0},"end":{"line":1,"column":25}}},"fnMap":{},"branchMap":{},"s":{"0":9},"f":{},"b":{}}
,"/Users/deight/cantinc/watch-state/src/utils/unwatch/unwatch.ts": {"path":"/Users/deight/cantinc/watch-state/src/utils/unwatch/unwatch.ts","statementMap":{"0":{"start":{"line":22,"column":0},"end":{"line":22,"column":16}},"1":{"start":{"line":1,"column":0},"end":{"line":1,"column":39}},"2":{"start":{"line":23,"column":28},"end":{"line":23,"column":33}},"3":{"start":{"line":24,"column":2},"end":{"line":24,"column":null}},"4":{"start":{"line":25,"column":17},"end":{"line":25,"column":21}},"5":{"start":{"line":26,"column":2},"end":{"line":26,"column":null}},"6":{"start":{"line":28,"column":2},"end":{"line":28,"column":null}}},"fnMap":{"0":{"name":"unwatch","decl":{"start":{"line":22,"column":16},"end":{"line":22,"column":23}},"loc":{"start":{"line":22,"column":39},"end":{"line":29,"column":1}}}},"branchMap":{},"s":{"0":9,"1":9,"2":7,"3":7,"4":7,"5":7,"6":7},"f":{"0":7},"b":{}}
}
