{"/Users/mike/deight/watch-state/src/index.ts": {"path":"/Users/mike/deight/watch-state/src/index.ts","statementMap":{"0":{"start":{"line":1,"column":0},"end":{"line":1,"column":23}},"1":{"start":{"line":2,"column":0},"end":{"line":2,"column":23}},"2":{"start":{"line":3,"column":0},"end":{"line":3,"column":23}},"3":{"start":{"line":4,"column":0},"end":{"line":4,"column":23}}},"fnMap":{},"branchMap":{},"s":{"0":5,"1":5,"2":5,"3":5},"f":{},"b":{}}
,"/Users/mike/deight/watch-state/src/Cache/Cache.ts": {"path":"/Users/mike/deight/watch-state/src/Cache/Cache.ts","statementMap":{"0":{"start":{"line":1,"column":0},"end":{"line":1,"column":40}},"1":{"start":{"line":2,"column":0},"end":{"line":2,"column":29}},"2":{"start":{"line":9,"column":4},"end":{"line":9,"column":null}},"3":{"start":{"line":13,"column":4},"end":{"line":13,"column":null}},"4":{"start":{"line":14,"column":4},"end":{"line":14,"column":null}},"5":{"start":{"line":18,"column":4},"end":{"line":22,"column":null}},"6":{"start":{"line":19,"column":6},"end":{"line":19,"column":null}},"7":{"start":{"line":21,"column":6},"end":{"line":21,"column":null}},"8":{"start":{"line":26,"column":4},"end":{"line":26,"column":null}},"9":{"start":{"line":27,"column":4},"end":{"line":27,"column":null}},"10":{"start":{"line":31,"column":4},"end":{"line":33,"column":null}},"11":{"start":{"line":32,"column":6},"end":{"line":32,"column":null}},"12":{"start":{"line":34,"column":4},"end":{"line":34,"column":null}},"13":{"start":{"line":38,"column":4},"end":{"line":40,"column":null}},"14":{"start":{"line":39,"column":6},"end":{"line":39,"column":null}},"15":{"start":{"line":41,"column":4},"end":{"line":41,"column":null}},"16":{"start":{"line":45,"column":4},"end":{"line":45,"column":null}},"17":{"start":{"line":4,"column":0},"end":{"line":4,"column":13}},"18":{"start":{"line":49,"column":0},"end":{"line":49,"column":null}}},"fnMap":{"0":{"name":"(anonymous_1)","decl":{"start":{"line":8,"column":2},"end":{"line":8,"column":15}},"loc":{"start":{"line":8,"column":80},"end":{"line":10,"column":3}}},"1":{"name":"(anonymous_2)","decl":{"start":{"line":12,"column":2},"end":{"line":12,"column":9}},"loc":{"start":{"line":12,"column":9},"end":{"line":15,"column":3}}},"2":{"name":"(anonymous_3)","decl":{"start":{"line":17,"column":2},"end":{"line":17,"column":7}},"loc":{"start":{"line":17,"column":7},"end":{"line":23,"column":3}}},"3":{"name":"(anonymous_4)","decl":{"start":{"line":25,"column":2},"end":{"line":25,"column":5}},"loc":{"start":{"line":25,"column":5},"end":{"line":28,"column":3}}},"4":{"name":"(anonymous_5)","decl":{"start":{"line":30,"column":2},"end":{"line":30,"column":14}},"loc":{"start":{"line":30,"column":19},"end":{"line":35,"column":3}}},"5":{"name":"(anonymous_6)","decl":{"start":{"line":37,"column":2},"end":{"line":37,"column":6}},"loc":{"start":{"line":37,"column":11},"end":{"line":42,"column":3}}},"6":{"name":"(anonymous_7)","decl":{"start":{"line":44,"column":2},"end":{"line":44,"column":6}},"loc":{"start":{"line":44,"column":18},"end":{"line":46,"column":3}}}},"branchMap":{"0":{"loc":{"start":{"line":18,"column":4},"end":{"line":22,"column":null}},"type":"if","locations":[{"start":{"line":18,"column":4},"end":{"line":22,"column":null}},{"start":{"line":18,"column":4},"end":{"line":22,"column":null}}]},"1":{"loc":{"start":{"line":18,"column":29},"end":{"line":18,"column":31}},"type":"cond-expr","locations":[{"start":{"line":18,"column":29},"end":{"line":18,"column":31}},{"start":{"line":18,"column":29},"end":{"line":18,"column":35}}]},"2":{"loc":{"start":{"line":18,"column":8},"end":{"line":18,"column":31}},"type":"binary-expr","locations":[{"start":{"line":18,"column":8},"end":{"line":18,"column":31}},{"start":{"line":18,"column":29},"end":{"line":18,"column":31}}]},"3":{"loc":{"start":{"line":18,"column":19},"end":{"line":18,"column":21}},"type":"cond-expr","locations":[{"start":{"line":18,"column":19},"end":{"line":18,"column":21}},{"start":{"line":18,"column":19},"end":{"line":18,"column":29}}]},"4":{"loc":{"start":{"line":18,"column":8},"end":{"line":18,"column":21}},"type":"binary-expr","locations":[{"start":{"line":18,"column":8},"end":{"line":18,"column":21}},{"start":{"line":18,"column":19},"end":{"line":18,"column":21}}]},"5":{"loc":{"start":{"line":31,"column":4},"end":{"line":33,"column":null}},"type":"if","locations":[{"start":{"line":31,"column":4},"end":{"line":33,"column":null}},{"start":{"line":31,"column":4},"end":{"line":33,"column":null}}]},"6":{"loc":{"start":{"line":38,"column":4},"end":{"line":40,"column":null}},"type":"if","locations":[{"start":{"line":38,"column":4},"end":{"line":40,"column":null}},{"start":{"line":38,"column":4},"end":{"line":40,"column":null}}]}},"s":{"0":5,"1":5,"2":19,"3":30,"4":30,"5":10,"6":7,"7":3,"8":24,"9":24,"10":42,"11":12,"12":42,"13":18,"14":10,"15":18,"16":24,"17":5,"18":5},"f":{"0":19,"1":30,"2":10,"3":24,"4":42,"5":18,"6":24},"b":{"0":[7,3],"1":[3,7],"2":[10,10],"3":[1,9],"4":[10,10],"5":[12,30],"6":[10,8]}}
,"/Users/mike/deight/watch-state/src/Cache/index.ts": {"path":"/Users/mike/deight/watch-state/src/Cache/index.ts","statementMap":{"0":{"start":{"line":1,"column":0},"end":{"line":1,"column":8}},"1":{"start":{"line":1,"column":8},"end":{"line":1,"column":31}},"2":{"start":{"line":2,"column":0},"end":{"line":2,"column":23}}},"fnMap":{"0":{"name":"(anonymous_5)","decl":{"start":{"line":1,"column":8},"end":{"line":1,"column":15}},"loc":{"start":{"line":1,"column":8},"end":{"line":1,"column":31}}}},"branchMap":{},"s":{"0":5,"1":32,"2":5},"f":{"0":27},"b":{}}
,"/Users/mike/deight/watch-state/src/Event/Event.ts": {"path":"/Users/mike/deight/watch-state/src/Event/Event.ts","statementMap":{"0":{"start":{"line":2,"column":0},"end":{"line":2,"column":29}},"1":{"start":{"line":11,"column":21},"end":{"line":11,"column":25}},"2":{"start":{"line":12,"column":4},"end":{"line":19,"column":null}},"3":{"start":{"line":13,"column":6},"end":{"line":15,"column":null}},"4":{"start":{"line":14,"column":8},"end":{"line":14,"column":14}},"5":{"start":{"line":16,"column":6},"end":{"line":16,"column":null}},"6":{"start":{"line":18,"column":6},"end":{"line":18,"column":null}},"7":{"start":{"line":21,"column":4},"end":{"line":21,"column":null}},"8":{"start":{"line":21,"column":27},"end":{"line":21,"column":50}},"9":{"start":{"line":25,"column":4},"end":{"line":30,"column":null}},"10":{"start":{"line":26,"column":6},"end":{"line":26,"column":null}},"11":{"start":{"line":27,"column":31},"end":{"line":27,"column":35}},"12":{"start":{"line":28,"column":6},"end":{"line":28,"column":null}},"13":{"start":{"line":29,"column":6},"end":{"line":29,"column":null}},"14":{"start":{"line":34,"column":4},"end":{"line":46,"column":null}},"15":{"start":{"line":35,"column":6},"end":{"line":39,"column":null}},"16":{"start":{"line":36,"column":8},"end":{"line":38,"column":null}},"17":{"start":{"line":37,"column":10},"end":{"line":37,"column":null}},"18":{"start":{"line":41,"column":6},"end":{"line":43,"column":null}},"19":{"start":{"line":42,"column":8},"end":{"line":42,"column":null}},"20":{"start":{"line":45,"column":6},"end":{"line":45,"column":null}},"21":{"start":{"line":50,"column":4},"end":{"line":55,"column":null}},"22":{"start":{"line":51,"column":6},"end":{"line":51,"column":null}},"23":{"start":{"line":52,"column":6},"end":{"line":52,"column":null}},"24":{"start":{"line":52,"column":30},"end":{"line":52,"column":65}},"25":{"start":{"line":54,"column":6},"end":{"line":54,"column":null}},"26":{"start":{"line":59,"column":4},"end":{"line":61,"column":null}},"27":{"start":{"line":60,"column":6},"end":{"line":60,"column":12}},"28":{"start":{"line":63,"column":4},"end":{"line":70,"column":null}},"29":{"start":{"line":64,"column":6},"end":{"line":66,"column":null}},"30":{"start":{"line":65,"column":8},"end":{"line":65,"column":null}},"31":{"start":{"line":68,"column":6},"end":{"line":68,"column":null}},"32":{"start":{"line":69,"column":6},"end":{"line":69,"column":null}},"33":{"start":{"line":6,"column":0},"end":{"line":6,"column":13}},"34":{"start":{"line":74,"column":0},"end":{"line":74,"column":null}}},"fnMap":{"0":{"name":"(anonymous_1)","decl":{"start":{"line":10,"column":2},"end":{"line":10,"column":5}},"loc":{"start":{"line":10,"column":28},"end":{"line":22,"column":3}}},"1":{"name":"(anonymous_2)","decl":{"start":{"line":21,"column":21},"end":{"line":21,"column":24}},"loc":{"start":{"line":21,"column":27},"end":{"line":21,"column":50}}},"2":{"name":"(anonymous_3)","decl":{"start":{"line":24,"column":2},"end":{"line":24,"column":7}},"loc":{"start":{"line":24,"column":7},"end":{"line":31,"column":3}}},"3":{"name":"(anonymous_4)","decl":{"start":{"line":33,"column":2},"end":{"line":33,"column":5}},"loc":{"start":{"line":33,"column":5},"end":{"line":47,"column":3}}},"4":{"name":"(anonymous_5)","decl":{"start":{"line":49,"column":2},"end":{"line":49,"column":6}},"loc":{"start":{"line":49,"column":30},"end":{"line":56,"column":3}}},"5":{"name":"(anonymous_6)","decl":{"start":{"line":52,"column":24},"end":{"line":52,"column":27}},"loc":{"start":{"line":52,"column":30},"end":{"line":52,"column":65}}},"6":{"name":"(anonymous_7)","decl":{"start":{"line":58,"column":2},"end":{"line":58,"column":8}},"loc":{"start":{"line":58,"column":8},"end":{"line":71,"column":3}}}},"branchMap":{"0":{"loc":{"start":{"line":12,"column":4},"end":{"line":19,"column":null}},"type":"if","locations":[{"start":{"line":12,"column":4},"end":{"line":19,"column":null}},{"start":{"line":12,"column":4},"end":{"line":19,"column":null}}]},"1":{"loc":{"start":{"line":13,"column":6},"end":{"line":15,"column":null}},"type":"if","locations":[{"start":{"line":13,"column":6},"end":{"line":15,"column":null}},{"start":{"line":13,"column":6},"end":{"line":15,"column":null}}]},"2":{"loc":{"start":{"line":25,"column":4},"end":{"line":30,"column":null}},"type":"if","locations":[{"start":{"line":25,"column":4},"end":{"line":30,"column":null}},{"start":{"line":25,"column":4},"end":{"line":30,"column":null}}]},"3":{"loc":{"start":{"line":34,"column":4},"end":{"line":46,"column":null}},"type":"if","locations":[{"start":{"line":34,"column":4},"end":{"line":46,"column":null}},{"start":{"line":34,"column":4},"end":{"line":46,"column":null}}]},"4":{"loc":{"start":{"line":36,"column":8},"end":{"line":38,"column":null}},"type":"if","locations":[{"start":{"line":36,"column":8},"end":{"line":38,"column":null}},{"start":{"line":36,"column":8},"end":{"line":38,"column":null}}]},"5":{"loc":{"start":{"line":50,"column":4},"end":{"line":55,"column":null}},"type":"if","locations":[{"start":{"line":50,"column":4},"end":{"line":55,"column":null}},{"start":{"line":50,"column":4},"end":{"line":55,"column":null}}]},"6":{"loc":{"start":{"line":59,"column":4},"end":{"line":61,"column":null}},"type":"if","locations":[{"start":{"line":59,"column":4},"end":{"line":61,"column":null}},{"start":{"line":59,"column":4},"end":{"line":61,"column":null}}]},"7":{"loc":{"start":{"line":59,"column":22},"end":{"line":59,"column":24}},"type":"cond-expr","locations":[{"start":{"line":59,"column":22},"end":{"line":59,"column":24}},{"start":{"line":59,"column":22},"end":{"line":59,"column":28}}]},"8":{"loc":{"start":{"line":59,"column":9},"end":{"line":59,"column":24}},"type":"binary-expr","locations":[{"start":{"line":59,"column":9},"end":{"line":59,"column":24}},{"start":{"line":59,"column":22},"end":{"line":59,"column":24}}]},"9":{"loc":{"start":{"line":63,"column":4},"end":{"line":70,"column":null}},"type":"if","locations":[{"start":{"line":63,"column":4},"end":{"line":70,"column":null}},{"start":{"line":63,"column":4},"end":{"line":70,"column":null}}]}},"s":{"0":5,"1":62,"2":62,"3":24,"4":4,"5":20,"6":38,"7":58,"8":37,"9":21,"10":20,"11":20,"12":20,"13":20,"14":21,"15":20,"16":27,"17":9,"18":20,"19":16,"20":20,"21":9,"22":7,"23":7,"24":7,"25":2,"26":53,"27":26,"28":27,"29":9,"30":9,"31":18,"32":18,"33":5,"34":5},"f":{"0":62,"1":37,"2":21,"3":21,"4":9,"5":7,"6":53},"b":{"0":[24,38],"1":[4,20],"2":[20,1],"3":[20,1],"4":[9,18],"5":[7,2],"6":[26,27],"7":[21,32],"8":[53,53],"9":[9,18]}}
,"/Users/mike/deight/watch-state/src/Event/index.ts": {"path":"/Users/mike/deight/watch-state/src/Event/index.ts","statementMap":{"0":{"start":{"line":1,"column":0},"end":{"line":1,"column":8}},"1":{"start":{"line":1,"column":8},"end":{"line":1,"column":31}},"2":{"start":{"line":2,"column":0},"end":{"line":2,"column":23}}},"fnMap":{"0":{"name":"(anonymous_5)","decl":{"start":{"line":1,"column":8},"end":{"line":1,"column":15}},"loc":{"start":{"line":1,"column":8},"end":{"line":1,"column":31}}}},"branchMap":{},"s":{"0":5,"1":10,"2":5},"f":{"0":5},"b":{}}
,"/Users/mike/deight/watch-state/src/State/State.ts": {"path":"/Users/mike/deight/watch-state/src/State/State.ts","statementMap":{"0":{"start":{"line":1,"column":0},"end":{"line":1,"column":29}},"1":{"start":{"line":2,"column":0},"end":{"line":2,"column":29}},"2":{"start":{"line":5,"column":34},"end":{"line":5,"column":42}},"3":{"start":{"line":5,"column":22},"end":{"line":5,"column":31}},"4":{"start":{"line":15,"column":28},"end":{"line":15,"column":33}},"5":{"start":{"line":17,"column":4},"end":{"line":19,"column":null}},"6":{"start":{"line":18,"column":6},"end":{"line":18,"column":null}},"7":{"start":{"line":20,"column":4},"end":{"line":20,"column":null}},"8":{"start":{"line":34,"column":4},"end":{"line":37,"column":null}},"9":{"start":{"line":35,"column":6},"end":{"line":35,"column":null}},"10":{"start":{"line":36,"column":6},"end":{"line":36,"column":null}},"11":{"start":{"line":4,"column":0},"end":{"line":4,"column":13}},"12":{"start":{"line":41,"column":0},"end":{"line":41,"column":null}}},"fnMap":{"0":{"name":"(anonymous_1)","decl":{"start":{"line":5,"column":2},"end":{"line":5,"column":22}},"loc":{"start":{"line":5,"column":31},"end":{"line":5,"column":42}}},"1":{"name":"(anonymous_2)","decl":{"start":{"line":14,"column":2},"end":{"line":14,"column":6}},"loc":{"start":{"line":14,"column":11},"end":{"line":21,"column":3}}},"2":{"name":"(anonymous_3)","decl":{"start":{"line":33,"column":2},"end":{"line":33,"column":6}},"loc":{"start":{"line":33,"column":21},"end":{"line":38,"column":3}}}},"branchMap":{"0":{"loc":{"start":{"line":17,"column":4},"end":{"line":19,"column":null}},"type":"if","locations":[{"start":{"line":17,"column":4},"end":{"line":19,"column":null}},{"start":{"line":17,"column":4},"end":{"line":19,"column":null}}]},"1":{"loc":{"start":{"line":34,"column":4},"end":{"line":37,"column":null}},"type":"if","locations":[{"start":{"line":34,"column":4},"end":{"line":37,"column":null}},{"start":{"line":34,"column":4},"end":{"line":37,"column":null}}]}},"s":{"0":5,"1":5,"2":48,"3":48,"4":111,"5":111,"6":62,"7":111,"8":58,"9":53,"10":53,"11":5,"12":5},"f":{"0":48,"1":111,"2":58},"b":{"0":[62,49],"1":[53,5]}}
,"/Users/mike/deight/watch-state/src/State/index.ts": {"path":"/Users/mike/deight/watch-state/src/State/index.ts","statementMap":{"0":{"start":{"line":1,"column":0},"end":{"line":1,"column":8}},"1":{"start":{"line":1,"column":8},"end":{"line":1,"column":31}},"2":{"start":{"line":2,"column":0},"end":{"line":2,"column":23}}},"fnMap":{"0":{"name":"(anonymous_5)","decl":{"start":{"line":1,"column":8},"end":{"line":1,"column":15}},"loc":{"start":{"line":1,"column":8},"end":{"line":1,"column":31}}}},"branchMap":{},"s":{"0":5,"1":17,"2":5},"f":{"0":12},"b":{}}
,"/Users/mike/deight/watch-state/src/Watch/Watch.ts": {"path":"/Users/mike/deight/watch-state/src/Watch/Watch.ts","statementMap":{"0":{"start":{"line":17,"column":32},"end":{"line":17,"column":48}},"1":{"start":{"line":15,"column":10},"end":{"line":15,"column":null}},"2":{"start":{"line":18,"column":4},"end":{"line":20,"column":null}},"3":{"start":{"line":19,"column":6},"end":{"line":19,"column":null}},"4":{"start":{"line":19,"column":36},"end":{"line":19,"column":50}},"5":{"start":{"line":21,"column":4},"end":{"line":23,"column":null}},"6":{"start":{"line":22,"column":6},"end":{"line":22,"column":null}},"7":{"start":{"line":12,"column":4},"end":{"line":12,"column":null}},"8":{"start":{"line":27,"column":18},"end":{"line":27,"column":22}},"9":{"start":{"line":28,"column":4},"end":{"line":28,"column":null}},"10":{"start":{"line":29,"column":4},"end":{"line":29,"column":null}},"11":{"start":{"line":33,"column":4},"end":{"line":33,"column":null}},"12":{"start":{"line":34,"column":24},"end":{"line":34,"column":37}},"13":{"start":{"line":35,"column":4},"end":{"line":35,"column":null}},"14":{"start":{"line":36,"column":4},"end":{"line":36,"column":null}},"15":{"start":{"line":37,"column":4},"end":{"line":37,"column":null}},"16":{"start":{"line":38,"column":4},"end":{"line":38,"column":10}},"17":{"start":{"line":42,"column":26},"end":{"line":42,"column":30}},"18":{"start":{"line":44,"column":4},"end":{"line":47,"column":null}},"19":{"start":{"line":45,"column":6},"end":{"line":45,"column":null}},"20":{"start":{"line":46,"column":6},"end":{"line":46,"column":null}},"21":{"start":{"line":46,"column":31},"end":{"line":46,"column":34}},"22":{"start":{"line":49,"column":4},"end":{"line":49,"column":10}},"23":{"start":{"line":53,"column":4},"end":{"line":57,"column":null}},"24":{"start":{"line":54,"column":6},"end":{"line":54,"column":null}},"25":{"start":{"line":56,"column":6},"end":{"line":56,"column":null}},"26":{"start":{"line":58,"column":4},"end":{"line":58,"column":null}},"27":{"start":{"line":10,"column":0},"end":{"line":10,"column":13}},"28":{"start":{"line":62,"column":0},"end":{"line":62,"column":null}}},"fnMap":{"0":{"name":"(anonymous_0)","decl":{"start":{"line":17,"column":2},"end":{"line":17,"column":32}},"loc":{"start":{"line":17,"column":92},"end":{"line":24,"column":3}}},"1":{"name":"(anonymous_1)","decl":{"start":{"line":19,"column":30},"end":{"line":19,"column":33}},"loc":{"start":{"line":19,"column":36},"end":{"line":19,"column":50}}},"2":{"name":"(anonymous_2)","decl":{"start":{"line":11,"column":2},"end":{"line":11,"column":8}},"loc":{"start":{"line":11,"column":26},"end":{"line":13,"column":3}}},"3":{"name":"(anonymous_3)","decl":{"start":{"line":26,"column":12},"end":{"line":26,"column":15}},"loc":{"start":{"line":26,"column":15},"end":{"line":30,"column":3}}},"4":{"name":"(anonymous_4)","decl":{"start":{"line":32,"column":2},"end":{"line":32,"column":8}},"loc":{"start":{"line":32,"column":8},"end":{"line":39,"column":3}}},"5":{"name":"(anonymous_5)","decl":{"start":{"line":41,"column":2},"end":{"line":41,"column":9}},"loc":{"start":{"line":41,"column":9},"end":{"line":50,"column":3}}},"6":{"name":"(anonymous_6)","decl":{"start":{"line":46,"column":26},"end":{"line":46,"column":27}},"loc":{"start":{"line":46,"column":31},"end":{"line":46,"column":34}}},"7":{"name":"(anonymous_7)","decl":{"start":{"line":52,"column":2},"end":{"line":52,"column":11}},"loc":{"start":{"line":52,"column":33},"end":{"line":59,"column":3}}}},"branchMap":{"0":{"loc":{"start":{"line":18,"column":4},"end":{"line":20,"column":null}},"type":"if","locations":[{"start":{"line":18,"column":4},"end":{"line":20,"column":null}},{"start":{"line":18,"column":4},"end":{"line":20,"column":null}}]},"1":{"loc":{"start":{"line":18,"column":8},"end":{"line":18,"column":19}},"type":"binary-expr","locations":[{"start":{"line":18,"column":8},"end":{"line":18,"column":19}},{"start":{"line":18,"column":23},"end":{"line":18,"column":36}}]},"2":{"loc":{"start":{"line":21,"column":4},"end":{"line":23,"column":null}},"type":"if","locations":[{"start":{"line":21,"column":4},"end":{"line":23,"column":null}},{"start":{"line":21,"column":4},"end":{"line":23,"column":null}}]},"3":{"loc":{"start":{"line":44,"column":4},"end":{"line":47,"column":null}},"type":"if","locations":[{"start":{"line":44,"column":4},"end":{"line":47,"column":null}},{"start":{"line":44,"column":4},"end":{"line":47,"column":null}}]},"4":{"loc":{"start":{"line":53,"column":4},"end":{"line":57,"column":null}},"type":"if","locations":[{"start":{"line":53,"column":4},"end":{"line":57,"column":null}},{"start":{"line":53,"column":4},"end":{"line":57,"column":null}}]}},"s":{"0":51,"1":51,"2":51,"3":9,"4":6,"5":51,"6":35,"7":111,"8":78,"9":78,"10":78,"11":78,"12":78,"13":78,"14":78,"15":78,"16":78,"17":96,"18":96,"19":35,"20":35,"21":52,"22":96,"23":76,"24":21,"25":55,"26":76,"27":5,"28":5},"f":{"0":51,"1":6,"2":111,"3":78,"4":78,"5":96,"6":52,"7":76},"b":{"0":[9,42],"1":[51,51],"2":[35,16],"3":[35,61],"4":[21,55]}}
,"/Users/mike/deight/watch-state/src/Watch/index.ts": {"path":"/Users/mike/deight/watch-state/src/Watch/index.ts","statementMap":{"0":{"start":{"line":1,"column":0},"end":{"line":1,"column":8}},"1":{"start":{"line":1,"column":8},"end":{"line":1,"column":31}},"2":{"start":{"line":2,"column":0},"end":{"line":2,"column":23}}},"fnMap":{"0":{"name":"(anonymous_5)","decl":{"start":{"line":1,"column":8},"end":{"line":1,"column":15}},"loc":{"start":{"line":1,"column":8},"end":{"line":1,"column":31}}}},"branchMap":{},"s":{"0":5,"1":121,"2":5},"f":{"0":116},"b":{}}
}
