TN:
SF:src/constants.ts
FNF:0
FNH:0
DA:4,9
LF:1
LH:1
BRF:0
BRH:0
end_of_record
TN:
SF:src/index.ts
FNF:0
FNH:0
DA:1,9
DA:2,9
DA:3,9
DA:4,9
DA:5,9
DA:6,9
DA:7,9
DA:8,9
DA:9,9
LF:9
LH:9
BRF:0
BRH:0
end_of_record
TN:
SF:src/Cache/Cache.ts
FNF:0
FNH:0
DA:1,9
DA:6,9
LF:2
LH:2
BRF:0
BRH:0
end_of_record
TN:
SF:src/Cache/index.ts
FNF:0
FNH:0
DA:1,9
LF:1
LH:1
BRF:0
BRH:0
end_of_record
TN:
SF:src/Compute/Compute.ts
FN:19,forceQueueWatchers
FN:37,queueWatchers
FN:43,(anonymous_2)
FN:51,(anonymous_3)
FN:63,invalidateCompute
FN:142,(anonymous_5)
FN:148,(anonymous_6)
FN:162,(anonymous_7)
FN:177,(anonymous_8)
FN:181,(anonymous_9)
FN:205,(anonymous_10)
FN:214,(anonymous_11)
FNF:12
FNH:11
FNDA:130,forceQueueWatchers
FNDA:137,queueWatchers
FNDA:77,(anonymous_2)
FNDA:7,(anonymous_3)
FNDA:43,invalidateCompute
FNDA:0,(anonymous_5)
FNDA:52,(anonymous_6)
FNDA:43,(anonymous_7)
FNDA:77,(anonymous_8)
FNDA:77,(anonymous_9)
FNDA:73,(anonymous_10)
FNDA:4,(anonymous_11)
DA:1,9
DA:2,9
DA:3,9
DA:4,9
DA:5,9
DA:6,9
DA:8,9
DA:16,9
DA:17,9
DA:19,9
DA:20,130
DA:21,114
DA:23,114
DA:24,109
DA:25,33
DA:26,33
DA:29,76
DA:31,76
DA:34,114
DA:37,9
DA:38,137
DA:39,137
DA:41,137
DA:43,137
DA:44,77
DA:46,77
DA:47,33
DA:51,137
DA:53,137
DA:54,124
DA:60,9
DA:63,9
DA:64,43
DA:65,43
DA:67,43
DA:69,43
DA:70,67
DA:71,45
DA:73,45
DA:117,9
DA:119,52
DA:122,52
DA:128,52
DA:132,52
DA:135,52
DA:138,52
DA:143,0
DA:149,52
DA:150,52
DA:152,52
DA:153,50
DA:156,52
DA:157,6
DA:163,43
DA:165,43
DA:168,43
DA:169,24
DA:170,22
DA:173,2
DA:178,77
DA:179,77
DA:181,77
DA:182,77
DA:184,77
DA:185,65
DA:186,65
DA:206,73
DA:207,49
DA:210,73
DA:215,4
LF:70
LH:69
BRDA:20,0,0,16
BRDA:20,0,1,114
BRDA:23,1,0,223
BRDA:23,1,1,190
BRDA:24,2,0,33
BRDA:24,2,1,76
BRDA:38,3,0,137
BRDA:38,3,1,130
BRDA:38,3,2,124
BRDA:46,4,0,33
BRDA:46,4,1,44
BRDA:53,5,0,124
BRDA:53,5,1,13
BRDA:67,6,0,0
BRDA:67,6,1,43
BRDA:70,7,0,45
BRDA:70,7,1,22
BRDA:152,8,0,50
BRDA:152,8,1,2
BRDA:156,9,0,6
BRDA:156,9,1,46
BRDA:169,10,0,22
BRDA:169,10,1,2
BRDA:178,11,0,77
BRDA:178,11,1,0
BRDA:182,12,0,0
BRDA:182,12,1,77
BRDA:184,13,0,65
BRDA:184,13,1,12
BRDA:206,14,0,49
BRDA:206,14,1,24
BRDA:210,15,0,0
BRDA:210,15,1,73
BRF:33
BRH:29
end_of_record
TN:
SF:src/Compute/index.ts
FNF:0
FNH:0
DA:1,9
LF:1
LH:1
BRF:0
BRH:0
end_of_record
TN:
SF:src/Observable/Observable.ts
FN:12,(anonymous_0)
FN:27,(anonymous_1)
FN:33,(anonymous_2)
FNF:3
FNH:3
FNDA:117,(anonymous_0)
FNDA:264,(anonymous_1)
FNDA:112,(anonymous_2)
DA:1,9
DA:12,9
DA:14,117
DA:28,264
DA:30,264
DA:31,170
DA:33,170
DA:34,112
DA:38,264
LF:9
LH:9
BRDA:30,0,0,170
BRDA:30,0,1,94
BRF:2
BRH:2
end_of_record
TN:
SF:src/Observable/index.ts
FNF:0
FNH:0
DA:1,9
LF:1
LH:1
BRF:0
BRH:0
end_of_record
TN:
SF:src/State/State.ts
FN:23,(anonymous_0)
FN:39,(anonymous_1)
FN:43,(anonymous_2)
FN:57,(anonymous_3)
FN:76,(anonymous_4)
FNF:5
FNH:5
FNDA:65,(anonymous_0)
FNDA:191,(anonymous_1)
FNDA:73,(anonymous_2)
FNDA:2,(anonymous_3)
FNDA:72,(anonymous_4)
DA:1,9
DA:2,9
DA:22,9
DA:24,65
DA:25,65
DA:40,191
DA:44,73
DA:45,72
DA:46,72
DA:58,2
DA:77,72
LF:11
LH:11
BRDA:44,0,0,72
BRDA:44,0,1,1
BRF:2
BRH:2
end_of_record
TN:
SF:src/State/index.ts
FNF:0
FNH:0
DA:1,9
LF:1
LH:1
BRF:0
BRH:0
end_of_record
TN:
SF:src/Watch/Watch.ts
FN:31,(anonymous_0)
FN:35,(anonymous_1)
FN:41,(anonymous_2)
FN:48,(anonymous_3)
FN:53,(anonymous_4)
FN:55,(anonymous_5)
FNF:6
FNH:5
FNDA:0,(anonymous_0)
FNDA:58,(anonymous_1)
FNDA:58,(anonymous_2)
FNDA:7,(anonymous_3)
FNDA:48,(anonymous_4)
FNDA:45,(anonymous_5)
DA:1,9
DA:19,9
DA:21,58
DA:24,58
DA:27,58
DA:32,0
DA:35,58
DA:36,58
DA:37,58
DA:40,58
DA:41,58
DA:42,58
DA:49,7
DA:54,48
DA:55,45
DA:56,45
LF:16
LH:15
BRDA:36,0,0,58
BRDA:36,0,1,0
BRDA:40,1,0,58
BRDA:40,1,1,0
BRDA:54,2,0,45
BRDA:54,2,1,3
BRF:6
BRH:4
end_of_record
TN:
SF:src/Watch/index.ts
FNF:0
FNH:0
DA:1,9
LF:1
LH:1
BRF:0
BRH:0
end_of_record
TN:
SF:src/helpers/index.ts
FNF:0
FNH:0
DA:1,9
DA:2,9
DA:3,9
DA:4,9
DA:5,9
LF:5
LH:5
BRF:0
BRH:0
end_of_record
TN:
SF:src/helpers/bindObserver/bindObserver.ts
FN:4,bindObserver
FN:10,(anonymous_1)
FNF:2
FNH:2
FNDA:108,bindObserver
FNDA:14,(anonymous_1)
DA:1,9
DA:4,9
DA:5,108
DA:7,108
DA:8,23
DA:10,23
DA:11,14
LF:7
LH:7
BRDA:7,0,0,23
BRDA:7,0,1,85
BRF:2
BRH:2
end_of_record
TN:
SF:src/helpers/bindObserver/index.ts
FNF:0
FNH:0
DA:1,9
LF:1
LH:1
BRF:0
BRH:0
end_of_record
TN:
SF:src/helpers/clearWatcher/clearWatcher.ts
FN:8,clearWatcher
FNF:1
FNH:1
FNDA:76,clearWatcher
DA:1,9
DA:5,9
DA:8,9
DA:9,76
DA:10,76
DA:12,76
DA:14,76
DA:15,76
DA:17,76
DA:18,106
DA:19,106
LF:11
LH:11
BRDA:12,0,0,0
BRDA:12,0,1,76
BRF:2
BRH:1
end_of_record
TN:
SF:src/helpers/clearWatcher/index.ts
FNF:0
FNH:0
DA:1,9
LF:1
LH:1
BRF:0
BRH:0
end_of_record
TN:
SF:src/helpers/destroyWatchers/destroyWatchers.ts
FN:6,destroyWatchers
FN:13,(anonymous_1)
FNF:2
FNH:2
FNDA:24,destroyWatchers
FNDA:1,(anonymous_1)
DA:3,9
DA:6,9
DA:7,24
DA:8,24
DA:10,24
DA:12,24
DA:13,25
DA:14,1
DA:17,25
DA:18,22
DA:19,22
DA:22,25
LF:12
LH:12
BRDA:10,0,0,0
BRDA:10,0,1,24
BRF:2
BRH:1
end_of_record
TN:
SF:src/helpers/destroyWatchers/index.ts
FNF:0
FNH:0
DA:1,9
LF:1
LH:1
BRF:0
BRH:0
end_of_record
TN:
SF:src/helpers/invalidateCache/index.ts
FNF:0
FNH:0
DA:1,9
LF:1
LH:1
BRF:0
BRH:0
end_of_record
TN:
SF:src/helpers/invalidateCache/invalidateCache.ts
FN:7,invalidateCache
FNF:1
FNH:0
FNDA:0,invalidateCache
DA:1,9
DA:7,9
DA:8,0
LF:3
LH:2
BRF:0
BRH:0
end_of_record
TN:
SF:src/helpers/watchWithScope/index.ts
FNF:0
FNH:0
DA:1,9
LF:1
LH:1
BRF:0
BRH:0
end_of_record
TN:
SF:src/helpers/watchWithScope/watchWithScope.ts
FN:4,watchWithScope
FNF:1
FNH:1
FNDA:180,watchWithScope
DA:1,9
DA:4,9
DA:5,180
DA:6,180
DA:7,180
DA:8,180
LF:6
LH:6
BRF:0
BRH:0
end_of_record
TN:
SF:src/utils/index.ts
FNF:0
FNH:0
DA:1,9
DA:2,9
DA:3,9
DA:4,9
DA:5,9
LF:5
LH:5
BRF:0
BRH:0
end_of_record
TN:
SF:src/utils/callEvent/callEvent.ts
FN:55,callEvent
FN:56,(anonymous_1)
FNF:2
FNH:2
FNDA:1,callEvent
FNDA:1,(anonymous_1)
DA:1,9
DA:3,9
DA:4,9
DA:55,9
DA:56,1
DA:57,1
DA:58,1
DA:59,1
DA:61,1
DA:64,1
DA:65,1
DA:68,1
LF:12
LH:12
BRDA:64,0,0,1
BRDA:64,0,1,0
BRF:2
BRH:1
end_of_record
TN:
SF:src/utils/callEvent/index.ts
FNF:0
FNH:0
DA:1,9
LF:1
LH:1
BRF:0
BRH:0
end_of_record
TN:
SF:src/utils/createEvent/createEvent.ts
FN:65,createEvent
FN:66,(anonymous_1)
FN:67,(anonymous_2)
FNF:3
FNH:3
FNDA:5,createEvent
FNDA:5,(anonymous_1)
FNDA:5,(anonymous_2)
DA:1,9
DA:3,9
DA:4,9
DA:65,9
DA:66,5
DA:67,5
DA:68,5
DA:69,5
DA:70,5
DA:72,5
DA:75,5
DA:76,5
DA:79,5
LF:13
LH:13
BRDA:75,0,0,5
BRDA:75,0,1,0
BRF:2
BRH:1
end_of_record
TN:
SF:src/utils/createEvent/index.ts
FNF:0
FNH:0
DA:1,9
LF:1
LH:1
BRF:0
BRH:0
end_of_record
TN:
SF:src/utils/onDestroy/index.ts
FNF:0
FNH:0
DA:1,9
LF:1
LH:1
BRF:0
BRH:0
end_of_record
TN:
SF:src/utils/onDestroy/onDestroy.ts
FN:27,onDestroy
FNF:1
FNH:1
FNDA:2,onDestroy
DA:1,9
DA:27,9
DA:28,2
DA:29,2
LF:4
LH:4
BRDA:28,0,0,2
BRDA:28,0,1,0
BRF:2
BRH:1
end_of_record
TN:
SF:src/utils/shiftSet/index.ts
FNF:0
FNH:0
DA:1,9
LF:1
LH:1
BRF:0
BRH:0
end_of_record
TN:
SF:src/utils/shiftSet/shiftSet.ts
FN:1,shiftSet
FNF:1
FNH:1
FNDA:413,shiftSet
DA:1,9
DA:2,413
DA:4,109
DA:5,109
DA:7,109
LF:5
LH:5
BRDA:2,0,0,304
BRDA:2,0,1,109
BRF:2
BRH:2
end_of_record
TN:
SF:src/utils/unwatch/index.ts
FNF:0
FNH:0
DA:1,9
LF:1
LH:1
BRF:0
BRH:0
end_of_record
TN:
SF:src/utils/unwatch/unwatch.ts
FN:22,unwatch
FNF:1
FNH:1
FNDA:7,unwatch
DA:1,9
DA:22,9
DA:23,7
DA:24,7
DA:25,7
DA:26,7
DA:28,7
LF:7
LH:7
BRF:0
BRH:0
end_of_record
