TN:
SF:src/constants.ts
FNF:0
FNH:0
DA:3,7
LF:1
LH:1
BRF:0
BRH:0
end_of_record
TN:
SF:src/index.ts
FNF:0
FNH:0
DA:1,7
DA:2,7
DA:3,7
DA:4,7
DA:6,7
DA:7,7
DA:9,7
DA:10,7
LF:8
LH:8
BRF:0
BRH:0
end_of_record
TN:
SF:src/Cache/Cache.ts
FN:18,(anonymous_0)
FN:28,(anonymous_1)
FN:39,(anonymous_2)
FN:56,(anonymous_3)
FN:60,(anonymous_4)
FN:71,(anonymous_5)
FN:79,(anonymous_6)
FNF:7
FNH:6
FNDA:23,(anonymous_0)
FNDA:0,(anonymous_1)
FNDA:17,(anonymous_2)
FNDA:31,(anonymous_3)
FNDA:31,(anonymous_4)
FNDA:29,(anonymous_5)
FNDA:2,(anonymous_6)
DA:1,7
DA:2,7
DA:3,7
DA:5,7
DA:7,7
DA:8,23
DA:9,23
DA:10,23
DA:11,23
DA:14,23
DA:15,23
DA:19,23
DA:20,23
DA:22,23
DA:23,22
DA:25,22
DA:26,2
DA:28,2
DA:29,0
DA:34,23
DA:35,3
DA:40,17
DA:42,17
DA:45,17
DA:46,8
DA:47,7
DA:50,1
DA:51,1
DA:57,31
DA:58,31
DA:60,31
DA:61,31
DA:63,31
DA:64,26
DA:65,26
DA:72,29
DA:73,21
DA:76,29
DA:80,2
LF:39
LH:38
BRDA:22,0,0,22
BRDA:25,1,0,2
BRDA:34,2,0,3
BRDA:46,3,0,7
BRDA:50,4,0,1
BRDA:57,5,0,31
BRDA:61,6,0,0
BRDA:61,6,1,31
BRDA:63,7,0,26
BRDA:72,8,0,21
BRDA:76,9,0,0
BRDA:76,9,1,29
BRF:12
BRH:10
end_of_record
TN:
SF:src/Cache/index.ts
FNF:0
FNH:0
DA:1,7
LF:1
LH:1
BRF:0
BRH:0
end_of_record
TN:
SF:src/Observable/Observable.ts
FN:4,(anonymous_0)
FN:8,(anonymous_1)
FN:14,(anonymous_2)
FNF:3
FNH:3
FNDA:67,(anonymous_0)
FNDA:154,(anonymous_1)
FNDA:54,(anonymous_2)
DA:1,7
DA:4,7
DA:5,67
DA:9,154
DA:11,154
DA:12,83
DA:14,83
DA:15,54
DA:19,154
LF:9
LH:9
BRDA:11,0,0,83
BRF:1
BRH:1
end_of_record
TN:
SF:src/Observable/index.ts
FNF:0
FNH:0
DA:1,7
LF:1
LH:1
BRF:0
BRH:0
end_of_record
TN:
SF:src/State/State.ts
FN:5,(anonymous_0)
FN:10,(anonymous_1)
FN:14,(anonymous_2)
FN:21,(anonymous_3)
FNF:4
FNH:4
FNDA:44,(anonymous_0)
FNDA:125,(anonymous_1)
FNDA:46,(anonymous_2)
FNDA:45,(anonymous_3)
DA:1,7
DA:2,7
DA:4,7
DA:6,44
DA:7,44
DA:11,125
DA:15,46
DA:16,45
DA:17,45
DA:22,45
LF:10
LH:10
BRDA:15,0,0,45
BRF:1
BRH:1
end_of_record
TN:
SF:src/State/index.ts
FNF:0
FNH:0
DA:1,7
LF:1
LH:1
BRF:0
BRH:0
end_of_record
TN:
SF:src/Watch/Watch.ts
FN:13,(anonymous_0)
FN:22,(anonymous_1)
FN:29,(anonymous_2)
FN:35,(anonymous_3)
FN:39,(anonymous_4)
FN:41,(anonymous_5)
FNF:6
FNH:6
FNDA:36,(anonymous_0)
FNDA:5,(anonymous_1)
FNDA:36,(anonymous_2)
FNDA:6,(anonymous_3)
FNDA:28,(anonymous_4)
FNDA:27,(anonymous_5)
DA:1,7
DA:2,7
DA:5,7
DA:7,36
DA:8,36
DA:9,36
DA:10,36
DA:14,36
DA:16,36
DA:17,36
DA:19,36
DA:20,8
DA:22,8
DA:23,5
DA:28,36
DA:29,36
DA:30,36
DA:36,6
DA:40,28
DA:41,27
DA:42,27
LF:21
LH:21
BRDA:16,0,0,36
BRDA:19,1,0,8
BRDA:28,2,0,36
BRDA:40,3,0,27
BRF:4
BRH:4
end_of_record
TN:
SF:src/Watch/index.ts
FNF:0
FNH:0
DA:1,7
LF:1
LH:1
BRF:0
BRH:0
end_of_record
TN:
SF:src/helpers/index.ts
FNF:0
FNH:0
DA:1,7
DA:2,7
DA:3,7
DA:4,7
DA:5,7
LF:5
LH:5
BRF:0
BRH:0
end_of_record
TN:
SF:src/helpers/clearWatchers/clearWatcher.ts
FN:8,clearWatcher
FNF:1
FNH:1
FNDA:35,clearWatcher
DA:1,7
DA:5,7
DA:8,7
DA:9,35
DA:10,35
DA:12,35
DA:14,35
DA:15,35
DA:17,35
DA:18,51
DA:19,51
LF:11
LH:11
BRDA:12,0,0,0
BRF:1
BRH:0
end_of_record
TN:
SF:src/helpers/clearWatchers/index.ts
FNF:0
FNH:0
DA:1,7
LF:1
LH:1
BRF:0
BRH:0
end_of_record
TN:
SF:src/helpers/destroyWatchers/destroyWatchers.ts
FN:6,destroyWatchers
FN:13,(anonymous_1)
FNF:2
FNH:2
FNDA:12,destroyWatchers
FNDA:1,(anonymous_1)
DA:3,7
DA:6,7
DA:7,12
DA:8,12
DA:10,12
DA:12,12
DA:13,13
DA:14,1
DA:17,13
DA:18,10
DA:19,10
DA:22,13
LF:12
LH:12
BRDA:10,0,0,0
BRF:1
BRH:0
end_of_record
TN:
SF:src/helpers/destroyWatchers/index.ts
FNF:0
FNH:0
DA:1,7
LF:1
LH:1
BRF:0
BRH:0
end_of_record
TN:
SF:src/helpers/invalidateCache/index.ts
FNF:0
FNH:0
DA:1,7
LF:1
LH:1
BRF:0
BRH:0
end_of_record
TN:
SF:src/helpers/invalidateCache/invalidateCache.ts
FN:7,invalidateCache
FNF:1
FNH:1
FNDA:17,invalidateCache
DA:4,7
DA:7,7
DA:8,17
DA:9,17
DA:11,17
DA:13,17
DA:14,25
DA:15,18
DA:16,18
LF:9
LH:9
BRDA:11,0,0,0
BRDA:14,1,0,18
BRF:2
BRH:1
end_of_record
TN:
SF:src/helpers/queueWatchers/index.ts
FNF:0
FNH:0
DA:1,7
LF:1
LH:1
BRF:0
BRH:0
end_of_record
TN:
SF:src/helpers/queueWatchers/queueWatchers.ts
FN:13,forceQueueWatchers
FN:26,queueWatchers
FN:29,(anonymous_2)
FNF:3
FNH:3
FNDA:70,forceQueueWatchers
FNDA:71,queueWatchers
FNDA:35,(anonymous_2)
DA:1,7
DA:4,7
DA:6,7
DA:8,7
DA:9,7
DA:13,7
DA:14,70
DA:15,47
DA:16,12
DA:17,12
DA:20,35
DA:22,35
DA:26,7
DA:27,71
DA:29,71
DA:30,35
DA:32,35
DA:33,12
DA:37,71
DA:38,6
DA:41,65
LF:21
LH:21
BRDA:14,0,0,117
BRDA:14,0,1,105
BRDA:15,1,0,12
BRDA:27,2,0,71
BRDA:27,2,1,66
BRDA:27,2,2,65
BRDA:32,3,0,12
BRDA:37,4,0,6
BRF:8
BRH:8
end_of_record
TN:
SF:src/helpers/watchWithScope/index.ts
FNF:0
FNH:0
DA:1,7
LF:1
LH:1
BRF:0
BRH:0
end_of_record
TN:
SF:src/helpers/watchWithScope/watchWithScope.ts
FN:4,watchWithScope
FNF:1
FNH:1
FNDA:94,watchWithScope
DA:1,7
DA:4,7
DA:5,94
DA:6,94
DA:7,94
DA:8,94
LF:6
LH:6
BRF:0
BRH:0
end_of_record
TN:
SF:src/utils/index.ts
FNF:0
FNH:0
DA:1,7
DA:2,7
DA:3,7
DA:4,7
LF:4
LH:4
BRF:0
BRH:0
end_of_record
TN:
SF:src/utils/createEvent/createEvent.ts
FN:19,createEvent
FN:20,(anonymous_1)
FN:21,(anonymous_2)
FNF:3
FNH:3
FNDA:5,createEvent
FNDA:5,(anonymous_1)
FNDA:5,(anonymous_2)
DA:1,7
DA:3,7
DA:4,7
DA:19,7
DA:20,5
DA:21,5
DA:22,5
DA:23,5
DA:24,5
DA:25,5
DA:28,5
DA:29,5
DA:32,5
LF:13
LH:13
BRDA:28,0,0,5
BRF:1
BRH:1
end_of_record
TN:
SF:src/utils/createEvent/index.ts
FNF:0
FNH:0
DA:1,7
LF:1
LH:1
BRF:0
BRH:0
end_of_record
TN:
SF:src/utils/onDestroy/index.ts
FNF:0
FNH:0
DA:1,7
LF:1
LH:1
BRF:0
BRH:0
end_of_record
TN:
SF:src/utils/onDestroy/onDestroy.ts
FN:26,onDestroy
FNF:1
FNH:1
FNDA:2,onDestroy
DA:1,7
DA:26,7
DA:27,2
DA:28,2
LF:4
LH:4
BRDA:27,0,0,2
BRF:1
BRH:1
end_of_record
TN:
SF:src/utils/shiftSet/index.ts
FNF:0
FNH:0
DA:1,7
LF:1
LH:1
BRF:0
BRH:0
end_of_record
TN:
SF:src/utils/shiftSet/shiftSet.ts
FN:1,shiftSet
FNF:1
FNH:1
FNDA:222,shiftSet
DA:1,7
DA:2,222
DA:4,47
DA:5,47
DA:6,47
LF:5
LH:5
BRDA:2,0,0,175
BRF:1
BRH:1
end_of_record
TN:
SF:src/utils/unwatch/index.ts
FNF:0
FNH:0
DA:1,7
LF:1
LH:1
BRF:0
BRH:0
end_of_record
TN:
SF:src/utils/unwatch/unwatch.ts
FN:17,unwatch
FNF:1
FNH:1
FNDA:6,unwatch
DA:1,7
DA:17,7
DA:18,6
DA:19,6
DA:20,6
DA:21,6
DA:22,6
LF:7
LH:7
BRF:0
BRH:0
end_of_record
