TN:
SF:src/index.ts
FNF:0
FNH:0
DA:1,13
DA:2,13
DA:3,13
LF:3
LH:3
BRF:0
BRH:0
end_of_record
TN:
SF:src/classes/index.ts
FNF:0
FNH:0
DA:1,13
DA:2,13
DA:3,13
LF:3
LH:3
BRF:0
BRH:0
end_of_record
TN:
SF:src/classes/Cache/Cache.ts
FN:6,(anonymous_1)
FN:9,Cache
FN:10,(anonymous_3)
FN:15,(anonymous_4)
FN:17,(anonymous_5)
FN:19,(anonymous_6)
FN:35,(anonymous_7)
FNF:7
FNH:7
FNDA:13,(anonymous_1)
FNDA:14,Cache
FNDA:20,(anonymous_3)
FNDA:61,(anonymous_4)
FNDA:33,(anonymous_5)
FNDA:33,(anonymous_6)
FNDA:49,(anonymous_7)
DA:1,13
DA:2,13
DA:3,13
DA:4,13
DA:6,13
DA:7,14
DA:9,14
DA:10,13
DA:11,20
DA:12,20
DA:13,20
DA:15,61
DA:16,61
DA:17,33
DA:19,33
DA:20,33
DA:21,33
DA:22,33
DA:23,33
DA:24,33
DA:25,33
DA:27,0
DA:35,13
DA:36,49
DA:37,49
DA:39,13
DA:42,13
DA:45,13
LF:28
LH:27
BRDA:13,0,0,0
BRDA:13,0,1,20
BRDA:13,1,0,20
BRDA:13,1,1,20
BRDA:16,2,0,33
BRDA:16,2,1,28
BRDA:20,3,0,33
BRDA:20,3,1,0
BRDA:20,4,0,33
BRDA:20,4,1,0
BRDA:21,5,0,33
BRDA:21,5,1,0
BRDA:21,6,0,33
BRDA:21,6,1,0
BRDA:21,6,2,0
BRF:15
BRH:9
end_of_record
TN:
SF:src/classes/Cache/index.ts
FN:1,(anonymous_5)
FNF:1
FNH:1
FNDA:11,(anonymous_5)
DA:1,24
DA:2,13
LF:2
LH:2
BRF:0
BRH:0
end_of_record
TN:
SF:src/classes/State/State.ts
FN:6,(anonymous_1)
FN:10,State
FN:13,(anonymous_3)
FN:23,(anonymous_4)
FN:31,(anonymous_5)
FN:40,(anonymous_6)
FN:49,(anonymous_7)
FN:55,(anonymous_8)
FN:57,(anonymous_9)
FN:61,(anonymous_10)
FN:61,(anonymous_11)
FN:64,(anonymous_12)
FN:76,checkCaches
FN:77,(anonymous_14)
FNF:14
FNH:14
FNDA:13,(anonymous_1)
FNDA:60,State
FNDA:2554,(anonymous_3)
FNDA:28,(anonymous_4)
FNDA:2357,(anonymous_5)
FNDA:2384,(anonymous_6)
FNDA:2379,(anonymous_7)
FNDA:12,(anonymous_8)
FNDA:2313,(anonymous_9)
FNDA:16,(anonymous_10)
FNDA:12,(anonymous_11)
FNDA:2379,(anonymous_12)
FNDA:18,checkCaches
FNDA:20,(anonymous_14)
DA:1,13
DA:2,13
DA:6,13
DA:7,60
DA:8,60
DA:11,60
DA:13,2554
DA:14,5108
DA:16,2554
DA:17,2446
DA:19,2446
DA:20,52
DA:21,52
DA:22,45
DA:23,45
DA:24,28
DA:25,28
DA:29,2394
DA:30,2387
DA:31,2387
DA:32,2357
DA:33,1727
DA:38,2554
DA:41,2384
DA:42,2380
DA:43,2380
DA:44,2379
DA:45,2379
DA:46,116
DA:49,13
DA:50,2379
DA:51,2379
DA:52,2379
DA:53,2325
DA:54,2325
DA:55,12
DA:57,2313
DA:60,116
DA:61,16
DA:64,13
DA:65,2379
DA:66,2379
DA:67,16
DA:68,16
DA:71,13
DA:73,13
DA:76,34
DA:77,18
DA:78,40
DA:79,20
DA:80,20
DA:81,12
DA:83,20
DA:84,2
DA:86,20
DA:89,18
LF:56
LH:56
BRDA:16,0,0,2446
BRDA:16,0,1,108
BRDA:19,1,0,52
BRDA:19,1,1,2394
BRDA:21,2,0,45
BRDA:21,2,1,7
BRDA:24,3,0,28
BRDA:24,3,1,0
BRDA:24,4,0,28
BRDA:24,4,1,0
BRDA:29,5,0,2387
BRDA:29,5,1,7
BRDA:32,6,0,1727
BRDA:32,6,1,630
BRDA:32,7,0,2357
BRDA:32,7,1,657
BRDA:41,8,0,2380
BRDA:41,8,1,4
BRDA:52,9,0,2325
BRDA:52,9,1,54
BRDA:54,10,0,12
BRDA:54,10,1,2313
BRDA:60,11,0,16
BRDA:60,11,1,100
BRDA:66,12,0,16
BRDA:66,12,1,2363
BRDA:76,13,0,16
BRDA:76,13,1,2
BRDA:79,14,0,20
BRDA:79,14,1,0
BRDA:80,15,0,12
BRDA:80,15,1,8
BRDA:83,16,0,2
BRDA:83,16,1,18
BRF:34
BRH:31
end_of_record
TN:
SF:src/classes/State/index.ts
FN:1,(anonymous_5)
FNF:1
FNH:1
FNDA:39,(anonymous_5)
DA:1,52
DA:2,13
LF:2
LH:2
BRF:0
BRH:0
end_of_record
TN:
SF:src/classes/Watch/Watch.ts
FN:8,(anonymous_1)
FN:13,Watch
FN:16,(anonymous_3)
FN:19,(anonymous_4)
FN:28,(anonymous_5)
FN:32,(anonymous_6)
FN:42,(anonymous_7)
FN:50,(anonymous_8)
FN:58,(anonymous_9)
FNF:9
FNH:9
FNDA:13,(anonymous_1)
FNDA:98,Watch
FNDA:2436,(anonymous_3)
FNDA:16,(anonymous_4)
FNDA:52,(anonymous_5)
FNDA:2487,(anonymous_6)
FNDA:2479,(anonymous_7)
FNDA:2465,(anonymous_8)
FNDA:2463,(anonymous_9)
DA:1,13
DA:2,13
DA:8,13
DA:11,98
DA:12,98
DA:13,98
DA:14,98
DA:16,2436
DA:17,2436
DA:18,2436
DA:19,2435
DA:20,2435
DA:21,2435
DA:22,2435
DA:23,171
DA:24,171
DA:25,171
DA:26,171
DA:28,13
DA:29,52
DA:30,52
DA:32,13
DA:33,2487
DA:34,2487
DA:35,2487
DA:36,2372
DA:37,2423
DA:40,2487
DA:42,13
DA:43,2479
DA:44,66
DA:46,2413
DA:48,2479
DA:50,13
DA:51,2465
DA:52,64
DA:54,2401
DA:56,2465
DA:58,13
DA:59,2463
DA:60,2463
DA:61,2463
DA:63,13
DA:65,13
DA:68,13
LF:45
LH:45
BRDA:35,0,0,2372
BRDA:35,0,1,115
BRDA:43,1,0,66
BRDA:43,1,1,2413
BRDA:51,2,0,64
BRDA:51,2,1,2401
BRF:6
BRH:6
end_of_record
TN:
SF:src/classes/Watch/index.ts
FN:1,(anonymous_5)
FNF:1
FNH:1
FNDA:35,(anonymous_5)
DA:1,48
DA:2,13
LF:2
LH:2
BRF:0
BRH:0
end_of_record
TN:
SF:src/decorators/index.ts
FNF:0
FNH:0
DA:1,13
DA:2,13
DA:3,13
DA:4,13
LF:4
LH:4
BRF:0
BRH:0
end_of_record
TN:
SF:src/decorators/cache/cache.ts
FN:9,cache
FN:12,(anonymous_2)
FN:15,(anonymous_3)
FNF:3
FNH:3
FNDA:10,cache
FNDA:41,(anonymous_2)
FNDA:11,(anonymous_3)
DA:1,13
DA:2,13
DA:3,13
DA:10,20
DA:11,10
DA:12,41
DA:13,41
DA:14,41
DA:15,11
DA:17,41
DA:23,13
DA:26,13
LF:12
LH:12
BRDA:10,0,0,0
BRDA:10,0,1,10
BRDA:14,1,0,11
BRDA:14,1,1,30
BRF:4
BRH:3
end_of_record
TN:
SF:src/decorators/cache/index.ts
FN:1,(anonymous_5)
FNF:1
FNH:0
FNDA:0,(anonymous_5)
DA:1,13
DA:2,13
LF:2
LH:2
BRF:0
BRH:0
end_of_record
TN:
SF:src/decorators/event/event.ts
FN:3,event
FNF:1
FNH:1
FNDA:2,event
DA:1,13
DA:3,13
DA:4,2
DA:11,13
LF:4
LH:4
BRF:0
BRH:0
end_of_record
TN:
SF:src/decorators/event/index.ts
FN:1,(anonymous_5)
FNF:1
FNH:0
FNDA:0,(anonymous_5)
DA:1,13
DA:2,13
LF:2
LH:2
BRF:0
BRH:0
end_of_record
TN:
SF:src/decorators/state/index.ts
FN:1,(anonymous_5)
FNF:1
FNH:0
FNDA:0,(anonymous_5)
DA:1,13
DA:2,13
LF:2
LH:2
BRF:0
BRH:0
end_of_record
TN:
SF:src/decorators/state/state.ts
FN:8,state
FN:13,(anonymous_2)
FN:20,(anonymous_3)
FNF:3
FNH:3
FNDA:25,state
FNDA:162,(anonymous_2)
FNDA:83,(anonymous_3)
DA:1,13
DA:2,13
DA:9,25
DA:12,25
DA:14,162
DA:15,162
DA:16,0
DA:18,162
DA:21,83
DA:22,83
DA:23,25
DA:25,58
DA:32,13
DA:35,13
LF:14
LH:13
BRDA:10,0,0,0
BRDA:10,0,1,25
BRDA:10,1,0,0
BRDA:10,1,1,0
BRDA:15,2,0,0
BRDA:15,2,1,162
BRDA:22,3,0,25
BRDA:22,3,1,58
BRF:8
BRH:4
end_of_record
TN:
SF:src/decorators/watch/index.ts
FN:1,(anonymous_5)
FNF:1
FNH:0
FNDA:0,(anonymous_5)
DA:1,13
DA:2,13
LF:2
LH:2
BRF:0
BRH:0
end_of_record
TN:
SF:src/decorators/watch/watch.ts
FN:3,watch
FN:5,(anonymous_2)
FNF:2
FNH:2
FNDA:2,watch
FNDA:2,(anonymous_2)
DA:1,13
DA:4,2
DA:6,2
DA:12,13
DA:15,13
LF:5
LH:5
BRF:0
BRH:0
end_of_record
TN:
SF:src/utils/index.ts
FNF:0
FNH:0
DA:1,13
DA:2,13
DA:3,13
DA:4,13
DA:5,13
DA:6,13
DA:7,13
DA:8,13
DA:9,13
LF:9
LH:9
BRF:0
BRH:0
end_of_record
TN:
SF:src/utils/createEvent/createEvent.ts
FN:3,createEvent
FN:4,(anonymous_2)
FN:13,(anonymous_3)
FNF:3
FNH:3
FNDA:19,createEvent
FNDA:19,(anonymous_2)
FNDA:9,(anonymous_3)
DA:1,13
DA:4,19
DA:5,19
DA:6,1
DA:8,18
DA:9,18
DA:10,18
DA:11,18
DA:12,18
DA:13,18
DA:14,18
DA:15,18
DA:20,13
DA:23,13
LF:14
LH:14
BRDA:5,0,0,1
BRDA:5,0,1,18
BRF:2
BRH:2
end_of_record
TN:
SF:src/utils/createEvent/index.ts
FN:1,(anonymous_5)
FNF:1
FNH:1
FNDA:18,(anonymous_5)
DA:1,31
DA:2,13
LF:2
LH:2
BRF:0
BRH:0
end_of_record
TN:
SF:src/utils/getCache/getCache.ts
FN:4,getCache
FNF:1
FNH:1
FNDA:2,getCache
DA:2,13
DA:5,2
DA:8,13
DA:11,13
LF:4
LH:4
BRF:0
BRH:0
end_of_record
TN:
SF:src/utils/getCache/index.ts
FN:1,(anonymous_5)
FNF:1
FNH:1
FNDA:2,(anonymous_5)
DA:1,15
DA:2,13
LF:2
LH:2
BRF:0
BRH:0
end_of_record
TN:
SF:src/utils/getDecors/getDecors.ts
FN:20,getDecors
FNF:1
FNH:1
FNDA:290,getDecors
DA:4,13
DA:21,290
DA:23,18
DA:25,290
DA:28,13
DA:31,13
LF:6
LH:6
BRDA:21,0,0,18
BRDA:21,0,1,272
BRF:2
BRH:2
end_of_record
TN:
SF:src/utils/getDecors/index.ts
FN:1,(anonymous_5)
FNF:1
FNH:1
FNDA:290,(anonymous_5)
DA:1,303
DA:2,13
LF:2
LH:2
BRF:0
BRH:0
end_of_record
TN:
SF:src/utils/getState/getState.ts
FN:4,getState
FNF:1
FNH:1
FNDA:1,getState
DA:2,13
DA:5,1
DA:8,13
DA:11,13
LF:4
LH:4
BRF:0
BRH:0
end_of_record
TN:
SF:src/utils/getState/index.ts
FN:1,(anonymous_5)
FNF:1
FNH:1
FNDA:1,(anonymous_5)
DA:1,14
DA:2,13
LF:2
LH:2
BRF:0
BRH:0
end_of_record
TN:
SF:src/utils/onClear/index.ts
FN:1,(anonymous_5)
FNF:1
FNH:1
FNDA:2435,(anonymous_5)
DA:1,2448
DA:2,13
LF:2
LH:2
BRF:0
BRH:0
end_of_record
TN:
SF:src/utils/onClear/onClear.ts
FN:4,onClear
FNF:1
FNH:1
FNDA:2443,onClear
DA:1,13
DA:5,2443
DA:6,29
DA:7,29
DA:9,2414
DA:12,13
DA:15,13
LF:7
LH:7
BRDA:5,0,0,29
BRDA:5,0,1,2414
BRF:2
BRH:2
end_of_record
TN:
SF:src/utils/onDestructor/index.ts
FN:1,(anonymous_5)
FNF:1
FNH:0
FNDA:0,(anonymous_5)
DA:1,13
DA:2,13
LF:2
LH:2
BRF:0
BRH:0
end_of_record
TN:
SF:src/utils/onDestructor/onDestructor.ts
FN:4,onDestructor
FNF:1
FNH:1
FNDA:14,onDestructor
DA:1,13
DA:5,14
DA:6,14
DA:7,14
DA:9,0
DA:12,13
DA:15,13
LF:7
LH:6
BRDA:5,0,0,14
BRDA:5,0,1,0
BRF:2
BRH:1
end_of_record
TN:
SF:src/utils/reset/index.ts
FN:1,(anonymous_5)
FNF:1
FNH:0
FNDA:0,(anonymous_5)
DA:1,13
DA:2,13
LF:2
LH:2
BRF:0
BRH:0
end_of_record
TN:
SF:src/utils/reset/reset.ts
FN:3,reset
FNF:1
FNH:1
FNDA:2,reset
DA:1,13
DA:4,2
DA:7,13
DA:10,13
LF:4
LH:4
BRF:0
BRH:0
end_of_record
TN:
SF:src/utils/scope/index.ts
FN:1,(anonymous_5)
FNF:1
FNH:1
FNDA:20213,(anonymous_5)
DA:1,20226
DA:2,13
LF:2
LH:2
BRF:0
BRH:0
end_of_record
TN:
SF:src/utils/scope/scope.ts
FNF:0
FNH:0
DA:10,13
DA:13,13
DA:16,13
LF:3
LH:3
BRF:0
BRH:0
end_of_record
TN:
SF:src/utils/unwatch/index.ts
FN:1,(anonymous_5)
FNF:1
FNH:1
FNDA:44,(anonymous_5)
DA:1,57
DA:2,13
LF:2
LH:2
BRF:0
BRH:0
end_of_record
TN:
SF:src/utils/unwatch/unwatch.ts
FN:3,unwatch
FNF:1
FNH:1
FNDA:47,unwatch
DA:1,13
DA:4,47
DA:5,47
DA:6,47
DA:7,47
DA:8,47
DA:11,13
DA:14,13
LF:8
LH:8
BRF:0
BRH:0
end_of_record
